<?xml version="1.0" encoding="UTF-8"?>
<testsuite name="uTest register" tests="1" skipped="0" failures="0" errors="0" timestamp="2021-12-15T19:34:59" hostname="CHMEPPF1JVWF2" time="49.715">
  <properties/>
  <testcase name="Enter the registry by clicking on Join Today" classname="uTest register" time="49.715"/>
  <system-out><![CDATA[]]></system-out>
  <system-err><![CDATA[[Test worker] WARN net.thucydides.core.steps.BaseStepListener - stepStarted: net.thucydides.core.steps.ExecutedStepDescription@7b104182
[Test worker] WARN net.thucydides.core.steps.BaseStepListener - stepStarted: net.thucydides.core.steps.ExecutedStepDescription@141a01d3
[Test worker] WARN net.thucydides.core.steps.BaseStepListener - stepStarted: net.thucydides.core.steps.ExecutedStepDescription@4786b9a9
dic 15, 2021 2:35:00 PM org.openqa.selenium.remote.DesiredCapabilities chrome
INFORMACIÓN: Using `new ChromeOptions()` is preferred to `DesiredCapabilities.chrome()`
[Test worker] INFO net.serenitybdd.core.webdriver.driverproviders.ProvideNewDriver - Instantiating driver
[Test worker] INFO net.serenitybdd.core.webdriver.driverproviders.ProvideNewDriver - Driver capabilities: Capabilities {acceptInsecureCerts: false, browserName: chrome, chrome.switches: --start-maximized, goog:chromeOptions: {args: [--start-maximized], extensions: []}, loggingPrefs: org.openqa.selenium.logging..., platform: ANY, version: }
Starting ChromeDriver 96.0.4664.45 (76e4c1bb2ab4671b8beba3444e61c0f17584b2fc-refs/branch-heads/4664@{#947}) on port 41902
Only local connections are allowed.
Please see https://chromedriver.chromium.org/security-considerations for suggestions on keeping ChromeDriver safe.
ChromeDriver was started successfully.
dic 15, 2021 2:35:04 PM org.openqa.selenium.remote.ProtocolHandshake createSession
INFORMACIÓN: Detected dialect: W3C
[Test worker] WARN net.thucydides.core.steps.BaseStepListener - stepFinished: current outcome:Enter the registry by clicking on Join Today:Example: {strFirstName=Rodrigo, strLastName=Acosta, strEmailAddress=rodrigo4@test.com, strMonthBirth=January, strDayBirth=20, strYearBirth=1994, strInputLanguage=Spanish, strInputCity=Armenia, strInputZIP=630001, strInputCountry=Colombia, strPassword=Prueba123*, strConfirmPassword=Prueba123*, strAnswerd=Complete Setup} [Given than Rodrigo wants to register in uTest [Rodrigo open up [Rodrigo opens the U test page]]]
[Test worker] WARN net.thucydides.core.steps.BaseStepListener - stepFinished: current outcome:Enter the registry by clicking on Join Today:Example: {strFirstName=Rodrigo, strLastName=Acosta, strEmailAddress=rodrigo4@test.com, strMonthBirth=January, strDayBirth=20, strYearBirth=1994, strInputLanguage=Spanish, strInputCity=Armenia, strInputZIP=630001, strInputCountry=Colombia, strPassword=Prueba123*, strConfirmPassword=Prueba123*, strAnswerd=Complete Setup} [Given than Rodrigo wants to register in uTest [Rodrigo open up [Rodrigo opens the U test page]]]
[Test worker] WARN net.thucydides.core.steps.BaseStepListener - stepStarted: net.thucydides.core.steps.ExecutedStepDescription@161e7b60
[Test worker] WARN net.thucydides.core.steps.BaseStepListener - stepStarted: net.thucydides.core.steps.ExecutedStepDescription@62c1670b
[Test worker] WARN net.thucydides.core.steps.BaseStepListener - stepFinished: current outcome:Enter the registry by clicking on Join Today:Example: {strFirstName=Rodrigo, strLastName=Acosta, strEmailAddress=rodrigo4@test.com, strMonthBirth=January, strDayBirth=20, strYearBirth=1994, strInputLanguage=Spanish, strInputCity=Armenia, strInputZIP=630001, strInputCountry=Colombia, strPassword=Prueba123*, strConfirmPassword=Prueba123*, strAnswerd=Complete Setup} [Given than Rodrigo wants to register in uTest [Rodrigo open up [Rodrigo opens the U test page], Rodrigo login [Rodrigo clicks on button that shows us the form to register a new user ]]]
[Test worker] WARN net.thucydides.core.steps.BaseStepListener - stepFinished: current outcome:Enter the registry by clicking on Join Today:Example: {strFirstName=Rodrigo, strLastName=Acosta, strEmailAddress=rodrigo4@test.com, strMonthBirth=January, strDayBirth=20, strYearBirth=1994, strInputLanguage=Spanish, strInputCity=Armenia, strInputZIP=630001, strInputCountry=Colombia, strPassword=Prueba123*, strConfirmPassword=Prueba123*, strAnswerd=Complete Setup} [Given than Rodrigo wants to register in uTest [Rodrigo open up [Rodrigo opens the U test page], Rodrigo login [Rodrigo clicks on button that shows us the form to register a new user ]]]
[Test worker] WARN net.thucydides.core.steps.BaseStepListener - stepFinished: current outcome:Enter the registry by clicking on Join Today:Example: {strFirstName=Rodrigo, strLastName=Acosta, strEmailAddress=rodrigo4@test.com, strMonthBirth=January, strDayBirth=20, strYearBirth=1994, strInputLanguage=Spanish, strInputCity=Armenia, strInputZIP=630001, strInputCountry=Colombia, strPassword=Prueba123*, strConfirmPassword=Prueba123*, strAnswerd=Complete Setup} [Given than Rodrigo wants to register in uTest [Rodrigo open up [Rodrigo opens the U test page], Rodrigo login [Rodrigo clicks on button that shows us the form to register a new user ]]]
[Test worker] WARN net.thucydides.core.steps.BaseStepListener - stepStarted: net.thucydides.core.steps.ExecutedStepDescription@5a14133c
[Test worker] WARN net.thucydides.core.steps.BaseStepListener - stepStarted: net.thucydides.core.steps.ExecutedStepDescription@4ed4ee97
[Test worker] WARN net.thucydides.core.steps.BaseStepListener - stepStarted: net.thucydides.core.steps.ExecutedStepDescription@10dacffb
[Test worker] WARN net.thucydides.core.steps.BaseStepListener - stepFinished: current outcome:Enter the registry by clicking on Join Today:Example: {strFirstName=Rodrigo, strLastName=Acosta, strEmailAddress=rodrigo4@test.com, strMonthBirth=January, strDayBirth=20, strYearBirth=1994, strInputLanguage=Spanish, strInputCity=Armenia, strInputZIP=630001, strInputCountry=Colombia, strPassword=Prueba123*, strConfirmPassword=Prueba123*, strAnswerd=Complete Setup} [Given than Rodrigo wants to register in uTest [Rodrigo open up [Rodrigo opens the U test page], Rodrigo login [Rodrigo clicks on button that shows us the form to register a new user ]], When He clicks on the Join Today button
| strFirstName | strLastName | strEmailAddress | strMonthBirth | strDayBirth | strYearBirth | strInputLanguage | strInputCity | strInputZIP | strInputCountry | strPassword | strConfirmPassword |
| Rodrigo | Acosta | rodrigo4@test.com | January | 20 | 1994 | Spanish | Armenia | 630001 | Colombia | Prueba123* | Prueba123* | [Rodrigo register user [Rodrigo enters 'Rodrigo' into where the user will enter their name]]]
[Test worker] WARN net.thucydides.core.steps.BaseStepListener - stepStarted: net.thucydides.core.steps.ExecutedStepDescription@85d351a
[Test worker] WARN net.thucydides.core.steps.BaseStepListener - stepFinished: current outcome:Enter the registry by clicking on Join Today:Example: {strFirstName=Rodrigo, strLastName=Acosta, strEmailAddress=rodrigo4@test.com, strMonthBirth=January, strDayBirth=20, strYearBirth=1994, strInputLanguage=Spanish, strInputCity=Armenia, strInputZIP=630001, strInputCountry=Colombia, strPassword=Prueba123*, strConfirmPassword=Prueba123*, strAnswerd=Complete Setup} [Given than Rodrigo wants to register in uTest [Rodrigo open up [Rodrigo opens the U test page], Rodrigo login [Rodrigo clicks on button that shows us the form to register a new user ]], When He clicks on the Join Today button
| strFirstName | strLastName | strEmailAddress | strMonthBirth | strDayBirth | strYearBirth | strInputLanguage | strInputCity | strInputZIP | strInputCountry | strPassword | strConfirmPassword |
| Rodrigo | Acosta | rodrigo4@test.com | January | 20 | 1994 | Spanish | Armenia | 630001 | Colombia | Prueba123* | Prueba123* | [Rodrigo register user [Rodrigo enters 'Rodrigo' into where the user will enter their name, Rodrigo enters 'Acosta' into where the user will enter their last name]]]
[Test worker] WARN net.thucydides.core.steps.BaseStepListener - stepStarted: net.thucydides.core.steps.ExecutedStepDescription@2be5fa3d
[Test worker] WARN net.thucydides.core.steps.BaseStepListener - stepFinished: current outcome:Enter the registry by clicking on Join Today:Example: {strFirstName=Rodrigo, strLastName=Acosta, strEmailAddress=rodrigo4@test.com, strMonthBirth=January, strDayBirth=20, strYearBirth=1994, strInputLanguage=Spanish, strInputCity=Armenia, strInputZIP=630001, strInputCountry=Colombia, strPassword=Prueba123*, strConfirmPassword=Prueba123*, strAnswerd=Complete Setup} [Given than Rodrigo wants to register in uTest [Rodrigo open up [Rodrigo opens the U test page], Rodrigo login [Rodrigo clicks on button that shows us the form to register a new user ]], When He clicks on the Join Today button
| strFirstName | strLastName | strEmailAddress | strMonthBirth | strDayBirth | strYearBirth | strInputLanguage | strInputCity | strInputZIP | strInputCountry | strPassword | strConfirmPassword |
| Rodrigo | Acosta | rodrigo4@test.com | January | 20 | 1994 | Spanish | Armenia | 630001 | Colombia | Prueba123* | Prueba123* | [Rodrigo register user [Rodrigo enters 'Rodrigo' into where the user will enter their name, Rodrigo enters 'Acosta' into where the user will enter their last name, Rodrigo enters 'rodrigo4@test.com' into where the user will enter their email address]]]
[Test worker] WARN net.thucydides.core.steps.BaseStepListener - stepStarted: net.thucydides.core.steps.ExecutedStepDescription@62913ecd
[Test worker] WARN net.thucydides.core.steps.BaseStepListener - stepFinished: current outcome:Enter the registry by clicking on Join Today:Example: {strFirstName=Rodrigo, strLastName=Acosta, strEmailAddress=rodrigo4@test.com, strMonthBirth=January, strDayBirth=20, strYearBirth=1994, strInputLanguage=Spanish, strInputCity=Armenia, strInputZIP=630001, strInputCountry=Colombia, strPassword=Prueba123*, strConfirmPassword=Prueba123*, strAnswerd=Complete Setup} [Given than Rodrigo wants to register in uTest [Rodrigo open up [Rodrigo opens the U test page], Rodrigo login [Rodrigo clicks on button that shows us the form to register a new user ]], When He clicks on the Join Today button
| strFirstName | strLastName | strEmailAddress | strMonthBirth | strDayBirth | strYearBirth | strInputLanguage | strInputCity | strInputZIP | strInputCountry | strPassword | strConfirmPassword |
| Rodrigo | Acosta | rodrigo4@test.com | January | 20 | 1994 | Spanish | Armenia | 630001 | Colombia | Prueba123* | Prueba123* | [Rodrigo register user [Rodrigo enters 'Rodrigo' into where the user will enter their name, Rodrigo enters 'Acosta' into where the user will enter their last name, Rodrigo enters 'rodrigo4@test.com' into where the user will enter their email address, Rodrigo select January on where the user selects their month of birth]]]
[Test worker] WARN net.thucydides.core.steps.BaseStepListener - stepStarted: net.thucydides.core.steps.ExecutedStepDescription@6cad919a
[Test worker] WARN net.thucydides.core.steps.BaseStepListener - stepFinished: current outcome:Enter the registry by clicking on Join Today:Example: {strFirstName=Rodrigo, strLastName=Acosta, strEmailAddress=rodrigo4@test.com, strMonthBirth=January, strDayBirth=20, strYearBirth=1994, strInputLanguage=Spanish, strInputCity=Armenia, strInputZIP=630001, strInputCountry=Colombia, strPassword=Prueba123*, strConfirmPassword=Prueba123*, strAnswerd=Complete Setup} [Given than Rodrigo wants to register in uTest [Rodrigo open up [Rodrigo opens the U test page], Rodrigo login [Rodrigo clicks on button that shows us the form to register a new user ]], When He clicks on the Join Today button
| strFirstName | strLastName | strEmailAddress | strMonthBirth | strDayBirth | strYearBirth | strInputLanguage | strInputCity | strInputZIP | strInputCountry | strPassword | strConfirmPassword |
| Rodrigo | Acosta | rodrigo4@test.com | January | 20 | 1994 | Spanish | Armenia | 630001 | Colombia | Prueba123* | Prueba123* | [Rodrigo register user [Rodrigo enters 'Rodrigo' into where the user will enter their name, Rodrigo enters 'Acosta' into where the user will enter their last name, Rodrigo enters 'rodrigo4@test.com' into where the user will enter their email address, Rodrigo select January on where the user selects their month of birth, Rodrigo select 20 on where the user selects their day of birth]]]
[Test worker] WARN net.thucydides.core.steps.BaseStepListener - stepStarted: net.thucydides.core.steps.ExecutedStepDescription@747047ca
[Test worker] WARN net.thucydides.core.steps.BaseStepListener - stepFinished: current outcome:Enter the registry by clicking on Join Today:Example: {strFirstName=Rodrigo, strLastName=Acosta, strEmailAddress=rodrigo4@test.com, strMonthBirth=January, strDayBirth=20, strYearBirth=1994, strInputLanguage=Spanish, strInputCity=Armenia, strInputZIP=630001, strInputCountry=Colombia, strPassword=Prueba123*, strConfirmPassword=Prueba123*, strAnswerd=Complete Setup} [Given than Rodrigo wants to register in uTest [Rodrigo open up [Rodrigo opens the U test page], Rodrigo login [Rodrigo clicks on button that shows us the form to register a new user ]], When He clicks on the Join Today button
| strFirstName | strLastName | strEmailAddress | strMonthBirth | strDayBirth | strYearBirth | strInputLanguage | strInputCity | strInputZIP | strInputCountry | strPassword | strConfirmPassword |
| Rodrigo | Acosta | rodrigo4@test.com | January | 20 | 1994 | Spanish | Armenia | 630001 | Colombia | Prueba123* | Prueba123* | [Rodrigo register user [Rodrigo enters 'Rodrigo' into where the user will enter their name, Rodrigo enters 'Acosta' into where the user will enter their last name, Rodrigo enters 'rodrigo4@test.com' into where the user will enter their email address, Rodrigo select January on where the user selects their month of birth, Rodrigo select 20 on where the user selects their day of birth, Rodrigo select 1994 on where the user selects their year of birth]]]
[Test worker] WARN net.thucydides.core.steps.BaseStepListener - stepStarted: net.thucydides.core.steps.ExecutedStepDescription@5e834808
[Test worker] WARN net.thucydides.core.steps.BaseStepListener - stepFinished: current outcome:Enter the registry by clicking on Join Today:Example: {strFirstName=Rodrigo, strLastName=Acosta, strEmailAddress=rodrigo4@test.com, strMonthBirth=January, strDayBirth=20, strYearBirth=1994, strInputLanguage=Spanish, strInputCity=Armenia, strInputZIP=630001, strInputCountry=Colombia, strPassword=Prueba123*, strConfirmPassword=Prueba123*, strAnswerd=Complete Setup} [Given than Rodrigo wants to register in uTest [Rodrigo open up [Rodrigo opens the U test page], Rodrigo login [Rodrigo clicks on button that shows us the form to register a new user ]], When He clicks on the Join Today button
| strFirstName | strLastName | strEmailAddress | strMonthBirth | strDayBirth | strYearBirth | strInputLanguage | strInputCity | strInputZIP | strInputCountry | strPassword | strConfirmPassword |
| Rodrigo | Acosta | rodrigo4@test.com | January | 20 | 1994 | Spanish | Armenia | 630001 | Colombia | Prueba123* | Prueba123* | [Rodrigo register user [Rodrigo enters 'Rodrigo' into where the user will enter their name, Rodrigo enters 'Acosta' into where the user will enter their last name, Rodrigo enters 'rodrigo4@test.com' into where the user will enter their email address, Rodrigo select January on where the user selects their month of birth, Rodrigo select 20 on where the user selects their day of birth, Rodrigo select 1994 on where the user selects their year of birth, Rodrigo clicks on where the user enters the languages he speaks]]]
[Test worker] WARN net.thucydides.core.steps.BaseStepListener - stepStarted: net.thucydides.core.steps.ExecutedStepDescription@1643728f
[Test worker] WARN net.thucydides.core.steps.BaseStepListener - stepFinished: current outcome:Enter the registry by clicking on Join Today:Example: {strFirstName=Rodrigo, strLastName=Acosta, strEmailAddress=rodrigo4@test.com, strMonthBirth=January, strDayBirth=20, strYearBirth=1994, strInputLanguage=Spanish, strInputCity=Armenia, strInputZIP=630001, strInputCountry=Colombia, strPassword=Prueba123*, strConfirmPassword=Prueba123*, strAnswerd=Complete Setup} [Given than Rodrigo wants to register in uTest [Rodrigo open up [Rodrigo opens the U test page], Rodrigo login [Rodrigo clicks on button that shows us the form to register a new user ]], When He clicks on the Join Today button
| strFirstName | strLastName | strEmailAddress | strMonthBirth | strDayBirth | strYearBirth | strInputLanguage | strInputCity | strInputZIP | strInputCountry | strPassword | strConfirmPassword |
| Rodrigo | Acosta | rodrigo4@test.com | January | 20 | 1994 | Spanish | Armenia | 630001 | Colombia | Prueba123* | Prueba123* | [Rodrigo register user [Rodrigo enters 'Rodrigo' into where the user will enter their name, Rodrigo enters 'Acosta' into where the user will enter their last name, Rodrigo enters 'rodrigo4@test.com' into where the user will enter their email address, Rodrigo select January on where the user selects their month of birth, Rodrigo select 20 on where the user selects their day of birth, Rodrigo select 1994 on where the user selects their year of birth, Rodrigo clicks on where the user enters the languages he speaks, Rodrigo clicks on Where the user will advance to the next form]]]
[Test worker] WARN net.thucydides.core.steps.BaseStepListener - stepStarted: net.thucydides.core.steps.ExecutedStepDescription@719ce822
[Test worker] WARN net.thucydides.core.steps.BaseStepListener - stepFinished: current outcome:Enter the registry by clicking on Join Today:Example: {strFirstName=Rodrigo, strLastName=Acosta, strEmailAddress=rodrigo4@test.com, strMonthBirth=January, strDayBirth=20, strYearBirth=1994, strInputLanguage=Spanish, strInputCity=Armenia, strInputZIP=630001, strInputCountry=Colombia, strPassword=Prueba123*, strConfirmPassword=Prueba123*, strAnswerd=Complete Setup} [Given than Rodrigo wants to register in uTest [Rodrigo open up [Rodrigo opens the U test page], Rodrigo login [Rodrigo clicks on button that shows us the form to register a new user ]], When He clicks on the Join Today button
| strFirstName | strLastName | strEmailAddress | strMonthBirth | strDayBirth | strYearBirth | strInputLanguage | strInputCity | strInputZIP | strInputCountry | strPassword | strConfirmPassword |
| Rodrigo | Acosta | rodrigo4@test.com | January | 20 | 1994 | Spanish | Armenia | 630001 | Colombia | Prueba123* | Prueba123* | [Rodrigo register user [Rodrigo enters 'Rodrigo' into where the user will enter their name, Rodrigo enters 'Acosta' into where the user will enter their last name, Rodrigo enters 'rodrigo4@test.com' into where the user will enter their email address, Rodrigo select January on where the user selects their month of birth, Rodrigo select 20 on where the user selects their day of birth, Rodrigo select 1994 on where the user selects their year of birth, Rodrigo clicks on where the user enters the languages he speaks, Rodrigo clicks on Where the user will advance to the next form, Rodrigo enters 'Armenia' into Where the user enters the city]]]
[Test worker] WARN net.thucydides.core.steps.BaseStepListener - stepStarted: net.thucydides.core.steps.ExecutedStepDescription@414503db
[Test worker] WARN net.thucydides.core.steps.BaseStepListener - stepFinished: current outcome:Enter the registry by clicking on Join Today:Example: {strFirstName=Rodrigo, strLastName=Acosta, strEmailAddress=rodrigo4@test.com, strMonthBirth=January, strDayBirth=20, strYearBirth=1994, strInputLanguage=Spanish, strInputCity=Armenia, strInputZIP=630001, strInputCountry=Colombia, strPassword=Prueba123*, strConfirmPassword=Prueba123*, strAnswerd=Complete Setup} [Given than Rodrigo wants to register in uTest [Rodrigo open up [Rodrigo opens the U test page], Rodrigo login [Rodrigo clicks on button that shows us the form to register a new user ]], When He clicks on the Join Today button
| strFirstName | strLastName | strEmailAddress | strMonthBirth | strDayBirth | strYearBirth | strInputLanguage | strInputCity | strInputZIP | strInputCountry | strPassword | strConfirmPassword |
| Rodrigo | Acosta | rodrigo4@test.com | January | 20 | 1994 | Spanish | Armenia | 630001 | Colombia | Prueba123* | Prueba123* | [Rodrigo register user [Rodrigo enters 'Rodrigo' into where the user will enter their name, Rodrigo enters 'Acosta' into where the user will enter their last name, Rodrigo enters 'rodrigo4@test.com' into where the user will enter their email address, Rodrigo select January on where the user selects their month of birth, Rodrigo select 20 on where the user selects their day of birth, Rodrigo select 1994 on where the user selects their year of birth, Rodrigo clicks on where the user enters the languages he speaks, Rodrigo clicks on Where the user will advance to the next form, Rodrigo enters 'Armenia' into Where the user enters the city, Rodrigo types 'ARROW_DOWN' in Where the user enters the city]]]
[Test worker] WARN net.thucydides.core.steps.BaseStepListener - stepStarted: net.thucydides.core.steps.ExecutedStepDescription@2b9e7d7
[Test worker] WARN net.thucydides.core.steps.BaseStepListener - stepFinished: current outcome:Enter the registry by clicking on Join Today:Example: {strFirstName=Rodrigo, strLastName=Acosta, strEmailAddress=rodrigo4@test.com, strMonthBirth=January, strDayBirth=20, strYearBirth=1994, strInputLanguage=Spanish, strInputCity=Armenia, strInputZIP=630001, strInputCountry=Colombia, strPassword=Prueba123*, strConfirmPassword=Prueba123*, strAnswerd=Complete Setup} [Given than Rodrigo wants to register in uTest [Rodrigo open up [Rodrigo opens the U test page], Rodrigo login [Rodrigo clicks on button that shows us the form to register a new user ]], When He clicks on the Join Today button
| strFirstName | strLastName | strEmailAddress | strMonthBirth | strDayBirth | strYearBirth | strInputLanguage | strInputCity | strInputZIP | strInputCountry | strPassword | strConfirmPassword |
| Rodrigo | Acosta | rodrigo4@test.com | January | 20 | 1994 | Spanish | Armenia | 630001 | Colombia | Prueba123* | Prueba123* | [Rodrigo register user [Rodrigo enters 'Rodrigo' into where the user will enter their name, Rodrigo enters 'Acosta' into where the user will enter their last name, Rodrigo enters 'rodrigo4@test.com' into where the user will enter their email address, Rodrigo select January on where the user selects their month of birth, Rodrigo select 20 on where the user selects their day of birth, Rodrigo select 1994 on where the user selects their year of birth, Rodrigo clicks on where the user enters the languages he speaks, Rodrigo clicks on Where the user will advance to the next form, Rodrigo enters 'Armenia' into Where the user enters the city, Rodrigo types 'ARROW_DOWN' in Where the user enters the city, Rodrigo types 'ENTER' in Where the user enters the city]]]
[Test worker] WARN net.thucydides.core.steps.BaseStepListener - stepStarted: net.thucydides.core.steps.ExecutedStepDescription@604002e5
[Test worker] WARN net.thucydides.core.steps.BaseStepListener - stepFinished: current outcome:Enter the registry by clicking on Join Today:Example: {strFirstName=Rodrigo, strLastName=Acosta, strEmailAddress=rodrigo4@test.com, strMonthBirth=January, strDayBirth=20, strYearBirth=1994, strInputLanguage=Spanish, strInputCity=Armenia, strInputZIP=630001, strInputCountry=Colombia, strPassword=Prueba123*, strConfirmPassword=Prueba123*, strAnswerd=Complete Setup} [Given than Rodrigo wants to register in uTest [Rodrigo open up [Rodrigo opens the U test page], Rodrigo login [Rodrigo clicks on button that shows us the form to register a new user ]], When He clicks on the Join Today button
| strFirstName | strLastName | strEmailAddress | strMonthBirth | strDayBirth | strYearBirth | strInputLanguage | strInputCity | strInputZIP | strInputCountry | strPassword | strConfirmPassword |
| Rodrigo | Acosta | rodrigo4@test.com | January | 20 | 1994 | Spanish | Armenia | 630001 | Colombia | Prueba123* | Prueba123* | [Rodrigo register user [Rodrigo enters 'Rodrigo' into where the user will enter their name, Rodrigo enters 'Acosta' into where the user will enter their last name, Rodrigo enters 'rodrigo4@test.com' into where the user will enter their email address, Rodrigo select January on where the user selects their month of birth, Rodrigo select 20 on where the user selects their day of birth, Rodrigo select 1994 on where the user selects their year of birth, Rodrigo clicks on where the user enters the languages he speaks, Rodrigo clicks on Where the user will advance to the next form, Rodrigo enters 'Armenia' into Where the user enters the city, Rodrigo types 'ARROW_DOWN' in Where the user enters the city, Rodrigo types 'ENTER' in Where the user enters the city, Rodrigo enters '630001' into Where the user enters the postal code]]]
[Test worker] WARN net.thucydides.core.steps.BaseStepListener - stepStarted: net.thucydides.core.steps.ExecutedStepDescription@1adbe1af
[Test worker] WARN net.thucydides.core.steps.BaseStepListener - stepFinished: current outcome:Enter the registry by clicking on Join Today:Example: {strFirstName=Rodrigo, strLastName=Acosta, strEmailAddress=rodrigo4@test.com, strMonthBirth=January, strDayBirth=20, strYearBirth=1994, strInputLanguage=Spanish, strInputCity=Armenia, strInputZIP=630001, strInputCountry=Colombia, strPassword=Prueba123*, strConfirmPassword=Prueba123*, strAnswerd=Complete Setup} [Given than Rodrigo wants to register in uTest [Rodrigo open up [Rodrigo opens the U test page], Rodrigo login [Rodrigo clicks on button that shows us the form to register a new user ]], When He clicks on the Join Today button
| strFirstName | strLastName | strEmailAddress | strMonthBirth | strDayBirth | strYearBirth | strInputLanguage | strInputCity | strInputZIP | strInputCountry | strPassword | strConfirmPassword |
| Rodrigo | Acosta | rodrigo4@test.com | January | 20 | 1994 | Spanish | Armenia | 630001 | Colombia | Prueba123* | Prueba123* | [Rodrigo register user [Rodrigo enters 'Rodrigo' into where the user will enter their name, Rodrigo enters 'Acosta' into where the user will enter their last name, Rodrigo enters 'rodrigo4@test.com' into where the user will enter their email address, Rodrigo select January on where the user selects their month of birth, Rodrigo select 20 on where the user selects their day of birth, Rodrigo select 1994 on where the user selects their year of birth, Rodrigo clicks on where the user enters the languages he speaks, Rodrigo clicks on Where the user will advance to the next form, Rodrigo enters 'Armenia' into Where the user enters the city, Rodrigo types 'ARROW_DOWN' in Where the user enters the city, Rodrigo types 'ENTER' in Where the user enters the city, Rodrigo enters '630001' into Where the user enters the postal code, Rodrigo clicks on Where the user advances to the next form ]]]
[Test worker] WARN net.thucydides.core.steps.BaseStepListener - stepStarted: net.thucydides.core.steps.ExecutedStepDescription@72b01693
[Test worker] WARN net.thucydides.core.steps.BaseStepListener - stepFinished: current outcome:Enter the registry by clicking on Join Today:Example: {strFirstName=Rodrigo, strLastName=Acosta, strEmailAddress=rodrigo4@test.com, strMonthBirth=January, strDayBirth=20, strYearBirth=1994, strInputLanguage=Spanish, strInputCity=Armenia, strInputZIP=630001, strInputCountry=Colombia, strPassword=Prueba123*, strConfirmPassword=Prueba123*, strAnswerd=Complete Setup} [Given than Rodrigo wants to register in uTest [Rodrigo open up [Rodrigo opens the U test page], Rodrigo login [Rodrigo clicks on button that shows us the form to register a new user ]], When He clicks on the Join Today button
| strFirstName | strLastName | strEmailAddress | strMonthBirth | strDayBirth | strYearBirth | strInputLanguage | strInputCity | strInputZIP | strInputCountry | strPassword | strConfirmPassword |
| Rodrigo | Acosta | rodrigo4@test.com | January | 20 | 1994 | Spanish | Armenia | 630001 | Colombia | Prueba123* | Prueba123* | [Rodrigo register user [Rodrigo enters 'Rodrigo' into where the user will enter their name, Rodrigo enters 'Acosta' into where the user will enter their last name, Rodrigo enters 'rodrigo4@test.com' into where the user will enter their email address, Rodrigo select January on where the user selects their month of birth, Rodrigo select 20 on where the user selects their day of birth, Rodrigo select 1994 on where the user selects their year of birth, Rodrigo clicks on where the user enters the languages he speaks, Rodrigo clicks on Where the user will advance to the next form, Rodrigo enters 'Armenia' into Where the user enters the city, Rodrigo types 'ARROW_DOWN' in Where the user enters the city, Rodrigo types 'ENTER' in Where the user enters the city, Rodrigo enters '630001' into Where the user enters the postal code, Rodrigo clicks on Where the user advances to the next form , Rodrigo clicks on Where the user selects the computer's OS]]]
[Test worker] WARN net.thucydides.core.steps.BaseStepListener - stepStarted: net.thucydides.core.steps.ExecutedStepDescription@fb09976
[Test worker] WARN net.thucydides.core.steps.BaseStepListener - stepFinished: current outcome:Enter the registry by clicking on Join Today:Example: {strFirstName=Rodrigo, strLastName=Acosta, strEmailAddress=rodrigo4@test.com, strMonthBirth=January, strDayBirth=20, strYearBirth=1994, strInputLanguage=Spanish, strInputCity=Armenia, strInputZIP=630001, strInputCountry=Colombia, strPassword=Prueba123*, strConfirmPassword=Prueba123*, strAnswerd=Complete Setup} [Given than Rodrigo wants to register in uTest [Rodrigo open up [Rodrigo opens the U test page], Rodrigo login [Rodrigo clicks on button that shows us the form to register a new user ]], When He clicks on the Join Today button
| strFirstName | strLastName | strEmailAddress | strMonthBirth | strDayBirth | strYearBirth | strInputLanguage | strInputCity | strInputZIP | strInputCountry | strPassword | strConfirmPassword |
| Rodrigo | Acosta | rodrigo4@test.com | January | 20 | 1994 | Spanish | Armenia | 630001 | Colombia | Prueba123* | Prueba123* | [Rodrigo register user [Rodrigo enters 'Rodrigo' into where the user will enter their name, Rodrigo enters 'Acosta' into where the user will enter their last name, Rodrigo enters 'rodrigo4@test.com' into where the user will enter their email address, Rodrigo select January on where the user selects their month of birth, Rodrigo select 20 on where the user selects their day of birth, Rodrigo select 1994 on where the user selects their year of birth, Rodrigo clicks on where the user enters the languages he speaks, Rodrigo clicks on Where the user will advance to the next form, Rodrigo enters 'Armenia' into Where the user enters the city, Rodrigo types 'ARROW_DOWN' in Where the user enters the city, Rodrigo types 'ENTER' in Where the user enters the city, Rodrigo enters '630001' into Where the user enters the postal code, Rodrigo clicks on Where the user advances to the next form , Rodrigo clicks on Where the user selects the computer's OS, Rodrigo clicks on Where the user selects OS version]]]
[Test worker] WARN net.thucydides.core.steps.BaseStepListener - stepStarted: net.thucydides.core.steps.ExecutedStepDescription@27e5dac8
[Test worker] WARN net.thucydides.core.steps.BaseStepListener - stepFinished: current outcome:Enter the registry by clicking on Join Today:Example: {strFirstName=Rodrigo, strLastName=Acosta, strEmailAddress=rodrigo4@test.com, strMonthBirth=January, strDayBirth=20, strYearBirth=1994, strInputLanguage=Spanish, strInputCity=Armenia, strInputZIP=630001, strInputCountry=Colombia, strPassword=Prueba123*, strConfirmPassword=Prueba123*, strAnswerd=Complete Setup} [Given than Rodrigo wants to register in uTest [Rodrigo open up [Rodrigo opens the U test page], Rodrigo login [Rodrigo clicks on button that shows us the form to register a new user ]], When He clicks on the Join Today button
| strFirstName | strLastName | strEmailAddress | strMonthBirth | strDayBirth | strYearBirth | strInputLanguage | strInputCity | strInputZIP | strInputCountry | strPassword | strConfirmPassword |
| Rodrigo | Acosta | rodrigo4@test.com | January | 20 | 1994 | Spanish | Armenia | 630001 | Colombia | Prueba123* | Prueba123* | [Rodrigo register user [Rodrigo enters 'Rodrigo' into where the user will enter their name, Rodrigo enters 'Acosta' into where the user will enter their last name, Rodrigo enters 'rodrigo4@test.com' into where the user will enter their email address, Rodrigo select January on where the user selects their month of birth, Rodrigo select 20 on where the user selects their day of birth, Rodrigo select 1994 on where the user selects their year of birth, Rodrigo clicks on where the user enters the languages he speaks, Rodrigo clicks on Where the user will advance to the next form, Rodrigo enters 'Armenia' into Where the user enters the city, Rodrigo types 'ARROW_DOWN' in Where the user enters the city, Rodrigo types 'ENTER' in Where the user enters the city, Rodrigo enters '630001' into Where the user enters the postal code, Rodrigo clicks on Where the user advances to the next form , Rodrigo clicks on Where the user selects the computer's OS, Rodrigo clicks on Where the user selects OS version, Rodrigo clicks on Where the user selects OS language]]]
[Test worker] WARN net.thucydides.core.steps.BaseStepListener - stepStarted: net.thucydides.core.steps.ExecutedStepDescription@23ac28b7
[Test worker] WARN net.thucydides.core.steps.BaseStepListener - stepFinished: current outcome:Enter the registry by clicking on Join Today:Example: {strFirstName=Rodrigo, strLastName=Acosta, strEmailAddress=rodrigo4@test.com, strMonthBirth=January, strDayBirth=20, strYearBirth=1994, strInputLanguage=Spanish, strInputCity=Armenia, strInputZIP=630001, strInputCountry=Colombia, strPassword=Prueba123*, strConfirmPassword=Prueba123*, strAnswerd=Complete Setup} [Given than Rodrigo wants to register in uTest [Rodrigo open up [Rodrigo opens the U test page], Rodrigo login [Rodrigo clicks on button that shows us the form to register a new user ]], When He clicks on the Join Today button
| strFirstName | strLastName | strEmailAddress | strMonthBirth | strDayBirth | strYearBirth | strInputLanguage | strInputCity | strInputZIP | strInputCountry | strPassword | strConfirmPassword |
| Rodrigo | Acosta | rodrigo4@test.com | January | 20 | 1994 | Spanish | Armenia | 630001 | Colombia | Prueba123* | Prueba123* | [Rodrigo register user [Rodrigo enters 'Rodrigo' into where the user will enter their name, Rodrigo enters 'Acosta' into where the user will enter their last name, Rodrigo enters 'rodrigo4@test.com' into where the user will enter their email address, Rodrigo select January on where the user selects their month of birth, Rodrigo select 20 on where the user selects their day of birth, Rodrigo select 1994 on where the user selects their year of birth, Rodrigo clicks on where the user enters the languages he speaks, Rodrigo clicks on Where the user will advance to the next form, Rodrigo enters 'Armenia' into Where the user enters the city, Rodrigo types 'ARROW_DOWN' in Where the user enters the city, Rodrigo types 'ENTER' in Where the user enters the city, Rodrigo enters '630001' into Where the user enters the postal code, Rodrigo clicks on Where the user advances to the next form , Rodrigo clicks on Where the user selects the computer's OS, Rodrigo clicks on Where the user selects OS version, Rodrigo clicks on Where the user selects OS language, Rodrigo clicks on Where the user selects mobile device ]]]
[Test worker] WARN net.thucydides.core.steps.BaseStepListener - stepStarted: net.thucydides.core.steps.ExecutedStepDescription@28a44304
[Test worker] WARN net.thucydides.core.steps.BaseStepListener - stepFinished: current outcome:Enter the registry by clicking on Join Today:Example: {strFirstName=Rodrigo, strLastName=Acosta, strEmailAddress=rodrigo4@test.com, strMonthBirth=January, strDayBirth=20, strYearBirth=1994, strInputLanguage=Spanish, strInputCity=Armenia, strInputZIP=630001, strInputCountry=Colombia, strPassword=Prueba123*, strConfirmPassword=Prueba123*, strAnswerd=Complete Setup} [Given than Rodrigo wants to register in uTest [Rodrigo open up [Rodrigo opens the U test page], Rodrigo login [Rodrigo clicks on button that shows us the form to register a new user ]], When He clicks on the Join Today button
| strFirstName | strLastName | strEmailAddress | strMonthBirth | strDayBirth | strYearBirth | strInputLanguage | strInputCity | strInputZIP | strInputCountry | strPassword | strConfirmPassword |
| Rodrigo | Acosta | rodrigo4@test.com | January | 20 | 1994 | Spanish | Armenia | 630001 | Colombia | Prueba123* | Prueba123* | [Rodrigo register user [Rodrigo enters 'Rodrigo' into where the user will enter their name, Rodrigo enters 'Acosta' into where the user will enter their last name, Rodrigo enters 'rodrigo4@test.com' into where the user will enter their email address, Rodrigo select January on where the user selects their month of birth, Rodrigo select 20 on where the user selects their day of birth, Rodrigo select 1994 on where the user selects their year of birth, Rodrigo clicks on where the user enters the languages he speaks, Rodrigo clicks on Where the user will advance to the next form, Rodrigo enters 'Armenia' into Where the user enters the city, Rodrigo types 'ARROW_DOWN' in Where the user enters the city, Rodrigo types 'ENTER' in Where the user enters the city, Rodrigo enters '630001' into Where the user enters the postal code, Rodrigo clicks on Where the user advances to the next form , Rodrigo clicks on Where the user selects the computer's OS, Rodrigo clicks on Where the user selects OS version, Rodrigo clicks on Where the user selects OS language, Rodrigo clicks on Where the user selects mobile device , Rodrigo clicks on Where the user selects the mobile device model ]]]
[Test worker] WARN net.thucydides.core.steps.BaseStepListener - stepStarted: net.thucydides.core.steps.ExecutedStepDescription@493d8158
[Test worker] WARN net.thucydides.core.steps.BaseStepListener - stepFinished: current outcome:Enter the registry by clicking on Join Today:Example: {strFirstName=Rodrigo, strLastName=Acosta, strEmailAddress=rodrigo4@test.com, strMonthBirth=January, strDayBirth=20, strYearBirth=1994, strInputLanguage=Spanish, strInputCity=Armenia, strInputZIP=630001, strInputCountry=Colombia, strPassword=Prueba123*, strConfirmPassword=Prueba123*, strAnswerd=Complete Setup} [Given than Rodrigo wants to register in uTest [Rodrigo open up [Rodrigo opens the U test page], Rodrigo login [Rodrigo clicks on button that shows us the form to register a new user ]], When He clicks on the Join Today button
| strFirstName | strLastName | strEmailAddress | strMonthBirth | strDayBirth | strYearBirth | strInputLanguage | strInputCity | strInputZIP | strInputCountry | strPassword | strConfirmPassword |
| Rodrigo | Acosta | rodrigo4@test.com | January | 20 | 1994 | Spanish | Armenia | 630001 | Colombia | Prueba123* | Prueba123* | [Rodrigo register user [Rodrigo enters 'Rodrigo' into where the user will enter their name, Rodrigo enters 'Acosta' into where the user will enter their last name, Rodrigo enters 'rodrigo4@test.com' into where the user will enter their email address, Rodrigo select January on where the user selects their month of birth, Rodrigo select 20 on where the user selects their day of birth, Rodrigo select 1994 on where the user selects their year of birth, Rodrigo clicks on where the user enters the languages he speaks, Rodrigo clicks on Where the user will advance to the next form, Rodrigo enters 'Armenia' into Where the user enters the city, Rodrigo types 'ARROW_DOWN' in Where the user enters the city, Rodrigo types 'ENTER' in Where the user enters the city, Rodrigo enters '630001' into Where the user enters the postal code, Rodrigo clicks on Where the user advances to the next form , Rodrigo clicks on Where the user selects the computer's OS, Rodrigo clicks on Where the user selects OS version, Rodrigo clicks on Where the user selects OS language, Rodrigo clicks on Where the user selects mobile device , Rodrigo clicks on Where the user selects the mobile device model , Rodrigo clicks on Where the user selects OS of the mobile device ]]]
[Test worker] WARN net.thucydides.core.steps.BaseStepListener - stepStarted: net.thucydides.core.steps.ExecutedStepDescription@3251ab80
[Test worker] WARN net.thucydides.core.steps.BaseStepListener - stepFinished: current outcome:Enter the registry by clicking on Join Today:Example: {strFirstName=Rodrigo, strLastName=Acosta, strEmailAddress=rodrigo4@test.com, strMonthBirth=January, strDayBirth=20, strYearBirth=1994, strInputLanguage=Spanish, strInputCity=Armenia, strInputZIP=630001, strInputCountry=Colombia, strPassword=Prueba123*, strConfirmPassword=Prueba123*, strAnswerd=Complete Setup} [Given than Rodrigo wants to register in uTest [Rodrigo open up [Rodrigo opens the U test page], Rodrigo login [Rodrigo clicks on button that shows us the form to register a new user ]], When He clicks on the Join Today button
| strFirstName | strLastName | strEmailAddress | strMonthBirth | strDayBirth | strYearBirth | strInputLanguage | strInputCity | strInputZIP | strInputCountry | strPassword | strConfirmPassword |
| Rodrigo | Acosta | rodrigo4@test.com | January | 20 | 1994 | Spanish | Armenia | 630001 | Colombia | Prueba123* | Prueba123* | [Rodrigo register user [Rodrigo enters 'Rodrigo' into where the user will enter their name, Rodrigo enters 'Acosta' into where the user will enter their last name, Rodrigo enters 'rodrigo4@test.com' into where the user will enter their email address, Rodrigo select January on where the user selects their month of birth, Rodrigo select 20 on where the user selects their day of birth, Rodrigo select 1994 on where the user selects their year of birth, Rodrigo clicks on where the user enters the languages he speaks, Rodrigo clicks on Where the user will advance to the next form, Rodrigo enters 'Armenia' into Where the user enters the city, Rodrigo types 'ARROW_DOWN' in Where the user enters the city, Rodrigo types 'ENTER' in Where the user enters the city, Rodrigo enters '630001' into Where the user enters the postal code, Rodrigo clicks on Where the user advances to the next form , Rodrigo clicks on Where the user selects the computer's OS, Rodrigo clicks on Where the user selects OS version, Rodrigo clicks on Where the user selects OS language, Rodrigo clicks on Where the user selects mobile device , Rodrigo clicks on Where the user selects the mobile device model , Rodrigo clicks on Where the user selects OS of the mobile device , Rodrigo clicks on Where the user advances to the next form ]]]
[Test worker] WARN net.thucydides.core.steps.BaseStepListener - stepStarted: net.thucydides.core.steps.ExecutedStepDescription@79718c01
[Test worker] WARN net.thucydides.core.steps.BaseStepListener - stepFinished: current outcome:Enter the registry by clicking on Join Today:Example: {strFirstName=Rodrigo, strLastName=Acosta, strEmailAddress=rodrigo4@test.com, strMonthBirth=January, strDayBirth=20, strYearBirth=1994, strInputLanguage=Spanish, strInputCity=Armenia, strInputZIP=630001, strInputCountry=Colombia, strPassword=Prueba123*, strConfirmPassword=Prueba123*, strAnswerd=Complete Setup} [Given than Rodrigo wants to register in uTest [Rodrigo open up [Rodrigo opens the U test page], Rodrigo login [Rodrigo clicks on button that shows us the form to register a new user ]], When He clicks on the Join Today button
| strFirstName | strLastName | strEmailAddress | strMonthBirth | strDayBirth | strYearBirth | strInputLanguage | strInputCity | strInputZIP | strInputCountry | strPassword | strConfirmPassword |
| Rodrigo | Acosta | rodrigo4@test.com | January | 20 | 1994 | Spanish | Armenia | 630001 | Colombia | Prueba123* | Prueba123* | [Rodrigo register user [Rodrigo enters 'Rodrigo' into where the user will enter their name, Rodrigo enters 'Acosta' into where the user will enter their last name, Rodrigo enters 'rodrigo4@test.com' into where the user will enter their email address, Rodrigo select January on where the user selects their month of birth, Rodrigo select 20 on where the user selects their day of birth, Rodrigo select 1994 on where the user selects their year of birth, Rodrigo clicks on where the user enters the languages he speaks, Rodrigo clicks on Where the user will advance to the next form, Rodrigo enters 'Armenia' into Where the user enters the city, Rodrigo types 'ARROW_DOWN' in Where the user enters the city, Rodrigo types 'ENTER' in Where the user enters the city, Rodrigo enters '630001' into Where the user enters the postal code, Rodrigo clicks on Where the user advances to the next form , Rodrigo clicks on Where the user selects the computer's OS, Rodrigo clicks on Where the user selects OS version, Rodrigo clicks on Where the user selects OS language, Rodrigo clicks on Where the user selects mobile device , Rodrigo clicks on Where the user selects the mobile device model , Rodrigo clicks on Where the user selects OS of the mobile device , Rodrigo clicks on Where the user advances to the next form , Rodrigo enters 'Prueba123*' into where the user enters a new password]]]
[Test worker] WARN net.thucydides.core.steps.BaseStepListener - stepStarted: net.thucydides.core.steps.ExecutedStepDescription@3fe4162d
[Test worker] WARN net.thucydides.core.steps.BaseStepListener - stepFinished: current outcome:Enter the registry by clicking on Join Today:Example: {strFirstName=Rodrigo, strLastName=Acosta, strEmailAddress=rodrigo4@test.com, strMonthBirth=January, strDayBirth=20, strYearBirth=1994, strInputLanguage=Spanish, strInputCity=Armenia, strInputZIP=630001, strInputCountry=Colombia, strPassword=Prueba123*, strConfirmPassword=Prueba123*, strAnswerd=Complete Setup} [Given than Rodrigo wants to register in uTest [Rodrigo open up [Rodrigo opens the U test page], Rodrigo login [Rodrigo clicks on button that shows us the form to register a new user ]], When He clicks on the Join Today button
| strFirstName | strLastName | strEmailAddress | strMonthBirth | strDayBirth | strYearBirth | strInputLanguage | strInputCity | strInputZIP | strInputCountry | strPassword | strConfirmPassword |
| Rodrigo | Acosta | rodrigo4@test.com | January | 20 | 1994 | Spanish | Armenia | 630001 | Colombia | Prueba123* | Prueba123* | [Rodrigo register user [Rodrigo enters 'Rodrigo' into where the user will enter their name, Rodrigo enters 'Acosta' into where the user will enter their last name, Rodrigo enters 'rodrigo4@test.com' into where the user will enter their email address, Rodrigo select January on where the user selects their month of birth, Rodrigo select 20 on where the user selects their day of birth, Rodrigo select 1994 on where the user selects their year of birth, Rodrigo clicks on where the user enters the languages he speaks, Rodrigo clicks on Where the user will advance to the next form, Rodrigo enters 'Armenia' into Where the user enters the city, Rodrigo types 'ARROW_DOWN' in Where the user enters the city, Rodrigo types 'ENTER' in Where the user enters the city, Rodrigo enters '630001' into Where the user enters the postal code, Rodrigo clicks on Where the user advances to the next form , Rodrigo clicks on Where the user selects the computer's OS, Rodrigo clicks on Where the user selects OS version, Rodrigo clicks on Where the user selects OS language, Rodrigo clicks on Where the user selects mobile device , Rodrigo clicks on Where the user selects the mobile device model , Rodrigo clicks on Where the user selects OS of the mobile device , Rodrigo clicks on Where the user advances to the next form , Rodrigo enters 'Prueba123*' into where the user enters a new password, Rodrigo enters 'Prueba123*' into where the user confirms the new password]]]
[Test worker] WARN net.thucydides.core.steps.BaseStepListener - stepStarted: net.thucydides.core.steps.ExecutedStepDescription@4e49be4b
[Test worker] WARN net.thucydides.core.steps.BaseStepListener - stepFinished: current outcome:Enter the registry by clicking on Join Today:Example: {strFirstName=Rodrigo, strLastName=Acosta, strEmailAddress=rodrigo4@test.com, strMonthBirth=January, strDayBirth=20, strYearBirth=1994, strInputLanguage=Spanish, strInputCity=Armenia, strInputZIP=630001, strInputCountry=Colombia, strPassword=Prueba123*, strConfirmPassword=Prueba123*, strAnswerd=Complete Setup} [Given than Rodrigo wants to register in uTest [Rodrigo open up [Rodrigo opens the U test page], Rodrigo login [Rodrigo clicks on button that shows us the form to register a new user ]], When He clicks on the Join Today button
| strFirstName | strLastName | strEmailAddress | strMonthBirth | strDayBirth | strYearBirth | strInputLanguage | strInputCity | strInputZIP | strInputCountry | strPassword | strConfirmPassword |
| Rodrigo | Acosta | rodrigo4@test.com | January | 20 | 1994 | Spanish | Armenia | 630001 | Colombia | Prueba123* | Prueba123* | [Rodrigo register user [Rodrigo enters 'Rodrigo' into where the user will enter their name, Rodrigo enters 'Acosta' into where the user will enter their last name, Rodrigo enters 'rodrigo4@test.com' into where the user will enter their email address, Rodrigo select January on where the user selects their month of birth, Rodrigo select 20 on where the user selects their day of birth, Rodrigo select 1994 on where the user selects their year of birth, Rodrigo clicks on where the user enters the languages he speaks, Rodrigo clicks on Where the user will advance to the next form, Rodrigo enters 'Armenia' into Where the user enters the city, Rodrigo types 'ARROW_DOWN' in Where the user enters the city, Rodrigo types 'ENTER' in Where the user enters the city, Rodrigo enters '630001' into Where the user enters the postal code, Rodrigo clicks on Where the user advances to the next form , Rodrigo clicks on Where the user selects the computer's OS, Rodrigo clicks on Where the user selects OS version, Rodrigo clicks on Where the user selects OS language, Rodrigo clicks on Where the user selects mobile device , Rodrigo clicks on Where the user selects the mobile device model , Rodrigo clicks on Where the user selects OS of the mobile device , Rodrigo clicks on Where the user advances to the next form , Rodrigo enters 'Prueba123*' into where the user enters a new password, Rodrigo enters 'Prueba123*' into where the user confirms the new password, Rodrigo clicks on where the user confirms if they want to receive information]]]
[Test worker] WARN net.thucydides.core.steps.BaseStepListener - stepStarted: net.thucydides.core.steps.ExecutedStepDescription@2f3a32bc
[Test worker] WARN net.thucydides.core.steps.BaseStepListener - stepFinished: current outcome:Enter the registry by clicking on Join Today:Example: {strFirstName=Rodrigo, strLastName=Acosta, strEmailAddress=rodrigo4@test.com, strMonthBirth=January, strDayBirth=20, strYearBirth=1994, strInputLanguage=Spanish, strInputCity=Armenia, strInputZIP=630001, strInputCountry=Colombia, strPassword=Prueba123*, strConfirmPassword=Prueba123*, strAnswerd=Complete Setup} [Given than Rodrigo wants to register in uTest [Rodrigo open up [Rodrigo opens the U test page], Rodrigo login [Rodrigo clicks on button that shows us the form to register a new user ]], When He clicks on the Join Today button
| strFirstName | strLastName | strEmailAddress | strMonthBirth | strDayBirth | strYearBirth | strInputLanguage | strInputCity | strInputZIP | strInputCountry | strPassword | strConfirmPassword |
| Rodrigo | Acosta | rodrigo4@test.com | January | 20 | 1994 | Spanish | Armenia | 630001 | Colombia | Prueba123* | Prueba123* | [Rodrigo register user [Rodrigo enters 'Rodrigo' into where the user will enter their name, Rodrigo enters 'Acosta' into where the user will enter their last name, Rodrigo enters 'rodrigo4@test.com' into where the user will enter their email address, Rodrigo select January on where the user selects their month of birth, Rodrigo select 20 on where the user selects their day of birth, Rodrigo select 1994 on where the user selects their year of birth, Rodrigo clicks on where the user enters the languages he speaks, Rodrigo clicks on Where the user will advance to the next form, Rodrigo enters 'Armenia' into Where the user enters the city, Rodrigo types 'ARROW_DOWN' in Where the user enters the city, Rodrigo types 'ENTER' in Where the user enters the city, Rodrigo enters '630001' into Where the user enters the postal code, Rodrigo clicks on Where the user advances to the next form , Rodrigo clicks on Where the user selects the computer's OS, Rodrigo clicks on Where the user selects OS version, Rodrigo clicks on Where the user selects OS language, Rodrigo clicks on Where the user selects mobile device , Rodrigo clicks on Where the user selects the mobile device model , Rodrigo clicks on Where the user selects OS of the mobile device , Rodrigo clicks on Where the user advances to the next form , Rodrigo enters 'Prueba123*' into where the user enters a new password, Rodrigo enters 'Prueba123*' into where the user confirms the new password, Rodrigo clicks on where the user confirms if they want to receive information, Rodrigo clicks on where the user confirms the terms]]]
[Test worker] WARN net.thucydides.core.steps.BaseStepListener - stepStarted: net.thucydides.core.steps.ExecutedStepDescription@3cce79ab
[Test worker] WARN net.thucydides.core.steps.BaseStepListener - stepFinished: current outcome:Enter the registry by clicking on Join Today:Example: {strFirstName=Rodrigo, strLastName=Acosta, strEmailAddress=rodrigo4@test.com, strMonthBirth=January, strDayBirth=20, strYearBirth=1994, strInputLanguage=Spanish, strInputCity=Armenia, strInputZIP=630001, strInputCountry=Colombia, strPassword=Prueba123*, strConfirmPassword=Prueba123*, strAnswerd=Complete Setup} [Given than Rodrigo wants to register in uTest [Rodrigo open up [Rodrigo opens the U test page], Rodrigo login [Rodrigo clicks on button that shows us the form to register a new user ]], When He clicks on the Join Today button
| strFirstName | strLastName | strEmailAddress | strMonthBirth | strDayBirth | strYearBirth | strInputLanguage | strInputCity | strInputZIP | strInputCountry | strPassword | strConfirmPassword |
| Rodrigo | Acosta | rodrigo4@test.com | January | 20 | 1994 | Spanish | Armenia | 630001 | Colombia | Prueba123* | Prueba123* | [Rodrigo register user [Rodrigo enters 'Rodrigo' into where the user will enter their name, Rodrigo enters 'Acosta' into where the user will enter their last name, Rodrigo enters 'rodrigo4@test.com' into where the user will enter their email address, Rodrigo select January on where the user selects their month of birth, Rodrigo select 20 on where the user selects their day of birth, Rodrigo select 1994 on where the user selects their year of birth, Rodrigo clicks on where the user enters the languages he speaks, Rodrigo clicks on Where the user will advance to the next form, Rodrigo enters 'Armenia' into Where the user enters the city, Rodrigo types 'ARROW_DOWN' in Where the user enters the city, Rodrigo types 'ENTER' in Where the user enters the city, Rodrigo enters '630001' into Where the user enters the postal code, Rodrigo clicks on Where the user advances to the next form , Rodrigo clicks on Where the user selects the computer's OS, Rodrigo clicks on Where the user selects OS version, Rodrigo clicks on Where the user selects OS language, Rodrigo clicks on Where the user selects mobile device , Rodrigo clicks on Where the user selects the mobile device model , Rodrigo clicks on Where the user selects OS of the mobile device , Rodrigo clicks on Where the user advances to the next form , Rodrigo enters 'Prueba123*' into where the user enters a new password, Rodrigo enters 'Prueba123*' into where the user confirms the new password, Rodrigo clicks on where the user confirms if they want to receive information, Rodrigo clicks on where the user confirms the terms, Rodrigo clicks on where the user confirms privacy and policies ]]]
[Test worker] WARN net.thucydides.core.steps.BaseStepListener - stepStarted: net.thucydides.core.steps.ExecutedStepDescription@59cb7411
[Test worker] WARN net.thucydides.core.steps.BaseStepListener - stepFinished: current outcome:Enter the registry by clicking on Join Today:Example: {strFirstName=Rodrigo, strLastName=Acosta, strEmailAddress=rodrigo4@test.com, strMonthBirth=January, strDayBirth=20, strYearBirth=1994, strInputLanguage=Spanish, strInputCity=Armenia, strInputZIP=630001, strInputCountry=Colombia, strPassword=Prueba123*, strConfirmPassword=Prueba123*, strAnswerd=Complete Setup} [Given than Rodrigo wants to register in uTest [Rodrigo open up [Rodrigo opens the U test page], Rodrigo login [Rodrigo clicks on button that shows us the form to register a new user ]], When He clicks on the Join Today button
| strFirstName | strLastName | strEmailAddress | strMonthBirth | strDayBirth | strYearBirth | strInputLanguage | strInputCity | strInputZIP | strInputCountry | strPassword | strConfirmPassword |
| Rodrigo | Acosta | rodrigo4@test.com | January | 20 | 1994 | Spanish | Armenia | 630001 | Colombia | Prueba123* | Prueba123* | [Rodrigo register user [Rodrigo enters 'Rodrigo' into where the user will enter their name, Rodrigo enters 'Acosta' into where the user will enter their last name, Rodrigo enters 'rodrigo4@test.com' into where the user will enter their email address, Rodrigo select January on where the user selects their month of birth, Rodrigo select 20 on where the user selects their day of birth, Rodrigo select 1994 on where the user selects their year of birth, Rodrigo clicks on where the user enters the languages he speaks, Rodrigo clicks on Where the user will advance to the next form, Rodrigo enters 'Armenia' into Where the user enters the city, Rodrigo types 'ARROW_DOWN' in Where the user enters the city, Rodrigo types 'ENTER' in Where the user enters the city, Rodrigo enters '630001' into Where the user enters the postal code, Rodrigo clicks on Where the user advances to the next form , Rodrigo clicks on Where the user selects the computer's OS, Rodrigo clicks on Where the user selects OS version, Rodrigo clicks on Where the user selects OS language, Rodrigo clicks on Where the user selects mobile device , Rodrigo clicks on Where the user selects the mobile device model , Rodrigo clicks on Where the user selects OS of the mobile device , Rodrigo clicks on Where the user advances to the next form , Rodrigo enters 'Prueba123*' into where the user enters a new password, Rodrigo enters 'Prueba123*' into where the user confirms the new password, Rodrigo clicks on where the user confirms if they want to receive information, Rodrigo clicks on where the user confirms the terms, Rodrigo clicks on where the user confirms privacy and policies , Rodrigo clicks on where the user ends the process and registers ]]]
[Test worker] WARN net.thucydides.core.steps.BaseStepListener - stepFinished: current outcome:Enter the registry by clicking on Join Today:Example: {strFirstName=Rodrigo, strLastName=Acosta, strEmailAddress=rodrigo4@test.com, strMonthBirth=January, strDayBirth=20, strYearBirth=1994, strInputLanguage=Spanish, strInputCity=Armenia, strInputZIP=630001, strInputCountry=Colombia, strPassword=Prueba123*, strConfirmPassword=Prueba123*, strAnswerd=Complete Setup} [Given than Rodrigo wants to register in uTest [Rodrigo open up [Rodrigo opens the U test page], Rodrigo login [Rodrigo clicks on button that shows us the form to register a new user ]], When He clicks on the Join Today button
| strFirstName | strLastName | strEmailAddress | strMonthBirth | strDayBirth | strYearBirth | strInputLanguage | strInputCity | strInputZIP | strInputCountry | strPassword | strConfirmPassword |
| Rodrigo | Acosta | rodrigo4@test.com | January | 20 | 1994 | Spanish | Armenia | 630001 | Colombia | Prueba123* | Prueba123* | [Rodrigo register user [Rodrigo enters 'Rodrigo' into where the user will enter their name, Rodrigo enters 'Acosta' into where the user will enter their last name, Rodrigo enters 'rodrigo4@test.com' into where the user will enter their email address, Rodrigo select January on where the user selects their month of birth, Rodrigo select 20 on where the user selects their day of birth, Rodrigo select 1994 on where the user selects their year of birth, Rodrigo clicks on where the user enters the languages he speaks, Rodrigo clicks on Where the user will advance to the next form, Rodrigo enters 'Armenia' into Where the user enters the city, Rodrigo types 'ARROW_DOWN' in Where the user enters the city, Rodrigo types 'ENTER' in Where the user enters the city, Rodrigo enters '630001' into Where the user enters the postal code, Rodrigo clicks on Where the user advances to the next form , Rodrigo clicks on Where the user selects the computer's OS, Rodrigo clicks on Where the user selects OS version, Rodrigo clicks on Where the user selects OS language, Rodrigo clicks on Where the user selects mobile device , Rodrigo clicks on Where the user selects the mobile device model , Rodrigo clicks on Where the user selects OS of the mobile device , Rodrigo clicks on Where the user advances to the next form , Rodrigo enters 'Prueba123*' into where the user enters a new password, Rodrigo enters 'Prueba123*' into where the user confirms the new password, Rodrigo clicks on where the user confirms if they want to receive information, Rodrigo clicks on where the user confirms the terms, Rodrigo clicks on where the user confirms privacy and policies , Rodrigo clicks on where the user ends the process and registers ]]]
[Test worker] WARN net.thucydides.core.steps.BaseStepListener - stepFinished: current outcome:Enter the registry by clicking on Join Today:Example: {strFirstName=Rodrigo, strLastName=Acosta, strEmailAddress=rodrigo4@test.com, strMonthBirth=January, strDayBirth=20, strYearBirth=1994, strInputLanguage=Spanish, strInputCity=Armenia, strInputZIP=630001, strInputCountry=Colombia, strPassword=Prueba123*, strConfirmPassword=Prueba123*, strAnswerd=Complete Setup} [Given than Rodrigo wants to register in uTest [Rodrigo open up [Rodrigo opens the U test page], Rodrigo login [Rodrigo clicks on button that shows us the form to register a new user ]], When He clicks on the Join Today button
| strFirstName | strLastName | strEmailAddress | strMonthBirth | strDayBirth | strYearBirth | strInputLanguage | strInputCity | strInputZIP | strInputCountry | strPassword | strConfirmPassword |
| Rodrigo | Acosta | rodrigo4@test.com | January | 20 | 1994 | Spanish | Armenia | 630001 | Colombia | Prueba123* | Prueba123* | [Rodrigo register user [Rodrigo enters 'Rodrigo' into where the user will enter their name, Rodrigo enters 'Acosta' into where the user will enter their last name, Rodrigo enters 'rodrigo4@test.com' into where the user will enter their email address, Rodrigo select January on where the user selects their month of birth, Rodrigo select 20 on where the user selects their day of birth, Rodrigo select 1994 on where the user selects their year of birth, Rodrigo clicks on where the user enters the languages he speaks, Rodrigo clicks on Where the user will advance to the next form, Rodrigo enters 'Armenia' into Where the user enters the city, Rodrigo types 'ARROW_DOWN' in Where the user enters the city, Rodrigo types 'ENTER' in Where the user enters the city, Rodrigo enters '630001' into Where the user enters the postal code, Rodrigo clicks on Where the user advances to the next form , Rodrigo clicks on Where the user selects the computer's OS, Rodrigo clicks on Where the user selects OS version, Rodrigo clicks on Where the user selects OS language, Rodrigo clicks on Where the user selects mobile device , Rodrigo clicks on Where the user selects the mobile device model , Rodrigo clicks on Where the user selects OS of the mobile device , Rodrigo clicks on Where the user advances to the next form , Rodrigo enters 'Prueba123*' into where the user enters a new password, Rodrigo enters 'Prueba123*' into where the user confirms the new password, Rodrigo clicks on where the user confirms if they want to receive information, Rodrigo clicks on where the user confirms the terms, Rodrigo clicks on where the user confirms privacy and policies , Rodrigo clicks on where the user ends the process and registers ]]]
[Test worker] WARN net.thucydides.core.steps.BaseStepListener - stepStarted: net.thucydides.core.steps.ExecutedStepDescription@3e3a90a
[Test worker] WARN net.thucydides.core.steps.BaseStepListener - stepStarted: net.thucydides.core.steps.ExecutedStepDescription@7e4ecb4f
[Test worker] WARN net.thucydides.core.steps.BaseStepListener - stepFinished: current outcome:Enter the registry by clicking on Join Today:Example: {strFirstName=Rodrigo, strLastName=Acosta, strEmailAddress=rodrigo4@test.com, strMonthBirth=January, strDayBirth=20, strYearBirth=1994, strInputLanguage=Spanish, strInputCity=Armenia, strInputZIP=630001, strInputCountry=Colombia, strPassword=Prueba123*, strConfirmPassword=Prueba123*, strAnswerd=Complete Setup} [Given than Rodrigo wants to register in uTest [Rodrigo open up [Rodrigo opens the U test page], Rodrigo login [Rodrigo clicks on button that shows us the form to register a new user ]], When He clicks on the Join Today button
| strFirstName | strLastName | strEmailAddress | strMonthBirth | strDayBirth | strYearBirth | strInputLanguage | strInputCity | strInputZIP | strInputCountry | strPassword | strConfirmPassword |
| Rodrigo | Acosta | rodrigo4@test.com | January | 20 | 1994 | Spanish | Armenia | 630001 | Colombia | Prueba123* | Prueba123* | [Rodrigo register user [Rodrigo enters 'Rodrigo' into where the user will enter their name, Rodrigo enters 'Acosta' into where the user will enter their last name, Rodrigo enters 'rodrigo4@test.com' into where the user will enter their email address, Rodrigo select January on where the user selects their month of birth, Rodrigo select 20 on where the user selects their day of birth, Rodrigo select 1994 on where the user selects their year of birth, Rodrigo clicks on where the user enters the languages he speaks, Rodrigo clicks on Where the user will advance to the next form, Rodrigo enters 'Armenia' into Where the user enters the city, Rodrigo types 'ARROW_DOWN' in Where the user enters the city, Rodrigo types 'ENTER' in Where the user enters the city, Rodrigo enters '630001' into Where the user enters the postal code, Rodrigo clicks on Where the user advances to the next form , Rodrigo clicks on Where the user selects the computer's OS, Rodrigo clicks on Where the user selects OS version, Rodrigo clicks on Where the user selects OS language, Rodrigo clicks on Where the user selects mobile device , Rodrigo clicks on Where the user selects the mobile device model , Rodrigo clicks on Where the user selects OS of the mobile device , Rodrigo clicks on Where the user advances to the next form , Rodrigo enters 'Prueba123*' into where the user enters a new password, Rodrigo enters 'Prueba123*' into where the user confirms the new password, Rodrigo clicks on where the user confirms if they want to receive information, Rodrigo clicks on where the user confirms the terms, Rodrigo clicks on where the user confirms privacy and policies , Rodrigo clicks on where the user ends the process and registers ]], Then he opens the registration form
| strAnswerd |
| Complete Setup | [Then answer]]
[Test worker] WARN net.thucydides.core.steps.BaseStepListener - stepFinished: current outcome:Enter the registry by clicking on Join Today:Example: {strFirstName=Rodrigo, strLastName=Acosta, strEmailAddress=rodrigo4@test.com, strMonthBirth=January, strDayBirth=20, strYearBirth=1994, strInputLanguage=Spanish, strInputCity=Armenia, strInputZIP=630001, strInputCountry=Colombia, strPassword=Prueba123*, strConfirmPassword=Prueba123*, strAnswerd=Complete Setup} [Given than Rodrigo wants to register in uTest [Rodrigo open up [Rodrigo opens the U test page], Rodrigo login [Rodrigo clicks on button that shows us the form to register a new user ]], When He clicks on the Join Today button
| strFirstName | strLastName | strEmailAddress | strMonthBirth | strDayBirth | strYearBirth | strInputLanguage | strInputCity | strInputZIP | strInputCountry | strPassword | strConfirmPassword |
| Rodrigo | Acosta | rodrigo4@test.com | January | 20 | 1994 | Spanish | Armenia | 630001 | Colombia | Prueba123* | Prueba123* | [Rodrigo register user [Rodrigo enters 'Rodrigo' into where the user will enter their name, Rodrigo enters 'Acosta' into where the user will enter their last name, Rodrigo enters 'rodrigo4@test.com' into where the user will enter their email address, Rodrigo select January on where the user selects their month of birth, Rodrigo select 20 on where the user selects their day of birth, Rodrigo select 1994 on where the user selects their year of birth, Rodrigo clicks on where the user enters the languages he speaks, Rodrigo clicks on Where the user will advance to the next form, Rodrigo enters 'Armenia' into Where the user enters the city, Rodrigo types 'ARROW_DOWN' in Where the user enters the city, Rodrigo types 'ENTER' in Where the user enters the city, Rodrigo enters '630001' into Where the user enters the postal code, Rodrigo clicks on Where the user advances to the next form , Rodrigo clicks on Where the user selects the computer's OS, Rodrigo clicks on Where the user selects OS version, Rodrigo clicks on Where the user selects OS language, Rodrigo clicks on Where the user selects mobile device , Rodrigo clicks on Where the user selects the mobile device model , Rodrigo clicks on Where the user selects OS of the mobile device , Rodrigo clicks on Where the user advances to the next form , Rodrigo enters 'Prueba123*' into where the user enters a new password, Rodrigo enters 'Prueba123*' into where the user confirms the new password, Rodrigo clicks on where the user confirms if they want to receive information, Rodrigo clicks on where the user confirms the terms, Rodrigo clicks on where the user confirms privacy and policies , Rodrigo clicks on where the user ends the process and registers ]], Then he opens the registration form
| strAnswerd |
| Complete Setup | [Then answer]]
[Test worker] WARN net.thucydides.core.steps.BaseStepListener - stepFinished: current outcome:Enter the registry by clicking on Join Today:Example: {strFirstName=Rodrigo, strLastName=Acosta, strEmailAddress=rodrigo4@test.com, strMonthBirth=January, strDayBirth=20, strYearBirth=1994, strInputLanguage=Spanish, strInputCity=Armenia, strInputZIP=630001, strInputCountry=Colombia, strPassword=Prueba123*, strConfirmPassword=Prueba123*, strAnswerd=Complete Setup} [Given than Rodrigo wants to register in uTest [Rodrigo open up [Rodrigo opens the U test page], Rodrigo login [Rodrigo clicks on button that shows us the form to register a new user ]], When He clicks on the Join Today button
| strFirstName | strLastName | strEmailAddress | strMonthBirth | strDayBirth | strYearBirth | strInputLanguage | strInputCity | strInputZIP | strInputCountry | strPassword | strConfirmPassword |
| Rodrigo | Acosta | rodrigo4@test.com | January | 20 | 1994 | Spanish | Armenia | 630001 | Colombia | Prueba123* | Prueba123* | [Rodrigo register user [Rodrigo enters 'Rodrigo' into where the user will enter their name, Rodrigo enters 'Acosta' into where the user will enter their last name, Rodrigo enters 'rodrigo4@test.com' into where the user will enter their email address, Rodrigo select January on where the user selects their month of birth, Rodrigo select 20 on where the user selects their day of birth, Rodrigo select 1994 on where the user selects their year of birth, Rodrigo clicks on where the user enters the languages he speaks, Rodrigo clicks on Where the user will advance to the next form, Rodrigo enters 'Armenia' into Where the user enters the city, Rodrigo types 'ARROW_DOWN' in Where the user enters the city, Rodrigo types 'ENTER' in Where the user enters the city, Rodrigo enters '630001' into Where the user enters the postal code, Rodrigo clicks on Where the user advances to the next form , Rodrigo clicks on Where the user selects the computer's OS, Rodrigo clicks on Where the user selects OS version, Rodrigo clicks on Where the user selects OS language, Rodrigo clicks on Where the user selects mobile device , Rodrigo clicks on Where the user selects the mobile device model , Rodrigo clicks on Where the user selects OS of the mobile device , Rodrigo clicks on Where the user advances to the next form , Rodrigo enters 'Prueba123*' into where the user enters a new password, Rodrigo enters 'Prueba123*' into where the user confirms the new password, Rodrigo clicks on where the user confirms if they want to receive information, Rodrigo clicks on where the user confirms the terms, Rodrigo clicks on where the user confirms privacy and policies , Rodrigo clicks on where the user ends the process and registers ]], Then he opens the registration form
| strAnswerd |
| Complete Setup | [Then answer]]
[Test worker] WARN net.thucydides.core.steps.BaseStepListener - testFinished: Enter the registry by clicking on Join Today:Example: {strFirstName=Rodrigo, strLastName=Acosta, strEmailAddress=rodrigo4@test.com, strMonthBirth=January, strDayBirth=20, strYearBirth=1994, strInputLanguage=Spanish, strInputCity=Armenia, strInputZIP=630001, strInputCountry=Colombia, strPassword=Prueba123*, strConfirmPassword=Prueba123*, strAnswerd=Complete Setup} [Given than Rodrigo wants to register in uTest [Rodrigo open up [Rodrigo opens the U test page], Rodrigo login [Rodrigo clicks on button that shows us the form to register a new user ]], When He clicks on the Join Today button
| strFirstName | strLastName | strEmailAddress | strMonthBirth | strDayBirth | strYearBirth | strInputLanguage | strInputCity | strInputZIP | strInputCountry | strPassword | strConfirmPassword |
| Rodrigo | Acosta | rodrigo4@test.com | January | 20 | 1994 | Spanish | Armenia | 630001 | Colombia | Prueba123* | Prueba123* | [Rodrigo register user [Rodrigo enters 'Rodrigo' into where the user will enter their name, Rodrigo enters 'Acosta' into where the user will enter their last name, Rodrigo enters 'rodrigo4@test.com' into where the user will enter their email address, Rodrigo select January on where the user selects their month of birth, Rodrigo select 20 on where the user selects their day of birth, Rodrigo select 1994 on where the user selects their year of birth, Rodrigo clicks on where the user enters the languages he speaks, Rodrigo clicks on Where the user will advance to the next form, Rodrigo enters 'Armenia' into Where the user enters the city, Rodrigo types 'ARROW_DOWN' in Where the user enters the city, Rodrigo types 'ENTER' in Where the user enters the city, Rodrigo enters '630001' into Where the user enters the postal code, Rodrigo clicks on Where the user advances to the next form , Rodrigo clicks on Where the user selects the computer's OS, Rodrigo clicks on Where the user selects OS version, Rodrigo clicks on Where the user selects OS language, Rodrigo clicks on Where the user selects mobile device , Rodrigo clicks on Where the user selects the mobile device model , Rodrigo clicks on Where the user selects OS of the mobile device , Rodrigo clicks on Where the user advances to the next form , Rodrigo enters 'Prueba123*' into where the user enters a new password, Rodrigo enters 'Prueba123*' into where the user confirms the new password, Rodrigo clicks on where the user confirms if they want to receive information, Rodrigo clicks on where the user confirms the terms, Rodrigo clicks on where the user confirms privacy and policies , Rodrigo clicks on where the user ends the process and registers ]], Then he opens the registration form
| strAnswerd |
| Complete Setup | [Then answer]]
[Test worker] WARN net.thucydides.core.steps.BaseStepListener - TestOutcomes: [Enter the registry by clicking on Join Today:Example: {strFirstName=Rodrigo, strLastName=Acosta, strEmailAddress=rodrigo4@test.com, strMonthBirth=January, strDayBirth=20, strYearBirth=1994, strInputLanguage=Spanish, strInputCity=Armenia, strInputZIP=630001, strInputCountry=Colombia, strPassword=Prueba123*, strConfirmPassword=Prueba123*, strAnswerd=Complete Setup} [Given than Rodrigo wants to register in uTest [Rodrigo open up [Rodrigo opens the U test page], Rodrigo login [Rodrigo clicks on button that shows us the form to register a new user ]], When He clicks on the Join Today button
| strFirstName | strLastName | strEmailAddress | strMonthBirth | strDayBirth | strYearBirth | strInputLanguage | strInputCity | strInputZIP | strInputCountry | strPassword | strConfirmPassword |
| Rodrigo | Acosta | rodrigo4@test.com | January | 20 | 1994 | Spanish | Armenia | 630001 | Colombia | Prueba123* | Prueba123* | [Rodrigo register user [Rodrigo enters 'Rodrigo' into where the user will enter their name, Rodrigo enters 'Acosta' into where the user will enter their last name, Rodrigo enters 'rodrigo4@test.com' into where the user will enter their email address, Rodrigo select January on where the user selects their month of birth, Rodrigo select 20 on where the user selects their day of birth, Rodrigo select 1994 on where the user selects their year of birth, Rodrigo clicks on where the user enters the languages he speaks, Rodrigo clicks on Where the user will advance to the next form, Rodrigo enters 'Armenia' into Where the user enters the city, Rodrigo types 'ARROW_DOWN' in Where the user enters the city, Rodrigo types 'ENTER' in Where the user enters the city, Rodrigo enters '630001' into Where the user enters the postal code, Rodrigo clicks on Where the user advances to the next form , Rodrigo clicks on Where the user selects the computer's OS, Rodrigo clicks on Where the user selects OS version, Rodrigo clicks on Where the user selects OS language, Rodrigo clicks on Where the user selects mobile device , Rodrigo clicks on Where the user selects the mobile device model , Rodrigo clicks on Where the user selects OS of the mobile device , Rodrigo clicks on Where the user advances to the next form , Rodrigo enters 'Prueba123*' into where the user enters a new password, Rodrigo enters 'Prueba123*' into where the user confirms the new password, Rodrigo clicks on where the user confirms if they want to receive information, Rodrigo clicks on where the user confirms the terms, Rodrigo clicks on where the user confirms privacy and policies , Rodrigo clicks on where the user ends the process and registers ]], Then he opens the registration form
| strAnswerd |
| Complete Setup | [Then answer]]]
[Test worker] WARN net.thucydides.core.steps.BaseStepListener - Final testOutcomes: [Enter the registry by clicking on Join Today:Example: {strFirstName=Rodrigo, strLastName=Acosta, strEmailAddress=rodrigo4@test.com, strMonthBirth=January, strDayBirth=20, strYearBirth=1994, strInputLanguage=Spanish, strInputCity=Armenia, strInputZIP=630001, strInputCountry=Colombia, strPassword=Prueba123*, strConfirmPassword=Prueba123*, strAnswerd=Complete Setup} [Given than Rodrigo wants to register in uTest [Rodrigo open up [Rodrigo opens the U test page], Rodrigo login [Rodrigo clicks on button that shows us the form to register a new user ]], When He clicks on the Join Today button
| strFirstName | strLastName | strEmailAddress | strMonthBirth | strDayBirth | strYearBirth | strInputLanguage | strInputCity | strInputZIP | strInputCountry | strPassword | strConfirmPassword |
| Rodrigo | Acosta | rodrigo4@test.com | January | 20 | 1994 | Spanish | Armenia | 630001 | Colombia | Prueba123* | Prueba123* | [Rodrigo register user [Rodrigo enters 'Rodrigo' into where the user will enter their name, Rodrigo enters 'Acosta' into where the user will enter their last name, Rodrigo enters 'rodrigo4@test.com' into where the user will enter their email address, Rodrigo select January on where the user selects their month of birth, Rodrigo select 20 on where the user selects their day of birth, Rodrigo select 1994 on where the user selects their year of birth, Rodrigo clicks on where the user enters the languages he speaks, Rodrigo clicks on Where the user will advance to the next form, Rodrigo enters 'Armenia' into Where the user enters the city, Rodrigo types 'ARROW_DOWN' in Where the user enters the city, Rodrigo types 'ENTER' in Where the user enters the city, Rodrigo enters '630001' into Where the user enters the postal code, Rodrigo clicks on Where the user advances to the next form , Rodrigo clicks on Where the user selects the computer's OS, Rodrigo clicks on Where the user selects OS version, Rodrigo clicks on Where the user selects OS language, Rodrigo clicks on Where the user selects mobile device , Rodrigo clicks on Where the user selects the mobile device model , Rodrigo clicks on Where the user selects OS of the mobile device , Rodrigo clicks on Where the user advances to the next form , Rodrigo enters 'Prueba123*' into where the user enters a new password, Rodrigo enters 'Prueba123*' into where the user confirms the new password, Rodrigo clicks on where the user confirms if they want to receive information, Rodrigo clicks on where the user confirms the terms, Rodrigo clicks on where the user confirms privacy and policies , Rodrigo clicks on where the user ends the process and registers ]], Then he opens the registration form
| strAnswerd |
| Complete Setup | [Then answer]]]
[Test worker] INFO net.thucydides.core.steps.ConsoleLoggingListener - 
        __    _____ _____ ____ _____   ____   _    ____  ____  _____ ____  
  _     \ \  |_   _| ____/ ___|_   _| |  _ \ / \  / ___|/ ___|| ____|  _ \ 
 (_)_____| |   | | |  _| \___ \ | |   | |_) / _ \ \___ \\___ \|  _| | | | |
  _|_____| |   | | | |___ ___) || |   |  __/ ___ \ ___) |___) | |___| |_| |
 (_)     | |   |_| |_____|____/ |_|   |_| /_/   \_\____/|____/|_____|____/ 
        /_/                                                                

TEST PASSED: Enter the registry by clicking on Join Today
----------------------------------------------------------------------------
]]></system-err>
</testsuite>
