<?xml version="1.0" encoding="UTF-8"?>
<testsuite name="uTest register" tests="2" skipped="0" failures="0" errors="0" timestamp="2021-10-29T03:52:48" hostname="LAPTOP-NKQOBQF1" time="21.271">
  <properties/>
  <testcase name="Enter the registry by clicking on Join Today" classname="uTest register" time="21.246"/>
  <testcase name="Upload form to fill out" classname="uTest register" time="0.014"/>
  <system-out><![CDATA[]]></system-out>
  <system-err><![CDATA[[Test worker] WARN net.thucydides.core.steps.BaseStepListener - stepStarted: net.thucydides.core.steps.ExecutedStepDescription@2f491fbe
[Test worker] WARN net.thucydides.core.steps.BaseStepListener - stepStarted: net.thucydides.core.steps.ExecutedStepDescription@11e5c373
[Test worker] WARN net.thucydides.core.steps.BaseStepListener - stepStarted: net.thucydides.core.steps.ExecutedStepDescription@2456cdd3
oct 28, 2021 10:52:49 PM org.openqa.selenium.remote.DesiredCapabilities chrome
INFORMACIÓN: Using `new ChromeOptions()` is preferred to `DesiredCapabilities.chrome()`
[Test worker] INFO net.serenitybdd.core.webdriver.driverproviders.ProvideNewDriver - Instantiating driver
[Test worker] INFO net.serenitybdd.core.webdriver.driverproviders.ProvideNewDriver - Driver capabilities: Capabilities {acceptInsecureCerts: false, browserName: chrome, chrome.switches: --start-maximized, goog:chromeOptions: {args: [--start-maximized], extensions: []}, loggingPrefs: org.openqa.selenium.logging..., platform: ANY, version: }
Starting ChromeDriver 94.0.4606.41 (333e85df3c9b656b518b5f1add5ff246365b6c24-refs/branch-heads/4606@{#845}) on port 6049
Only local connections are allowed.
Please see https://chromedriver.chromium.org/security-considerations for suggestions on keeping ChromeDriver safe.
ChromeDriver was started successfully.
[1635479572.634][WARNING]: This version of ChromeDriver has not been tested with Chrome version 95.
oct 28, 2021 10:52:52 PM org.openqa.selenium.remote.ProtocolHandshake createSession
INFORMACIÓN: Detected dialect: W3C
[Test worker] WARN net.thucydides.core.steps.BaseStepListener - stepFinished: current outcome:Enter the registry by clicking on Join Today:Given than Rodrigo wants to register in uTest [Rodrigo open up [Rodrigo opens the U test page]]
[Test worker] WARN net.thucydides.core.steps.BaseStepListener - stepFinished: current outcome:Enter the registry by clicking on Join Today:Given than Rodrigo wants to register in uTest [Rodrigo open up [Rodrigo opens the U test page]]
[Test worker] WARN net.thucydides.core.steps.BaseStepListener - stepFinished: current outcome:Enter the registry by clicking on Join Today:Given than Rodrigo wants to register in uTest [Rodrigo open up [Rodrigo opens the U test page]]
[Test worker] WARN net.thucydides.core.steps.BaseStepListener - stepStarted: net.thucydides.core.steps.ExecutedStepDescription@1251d98d
[Test worker] WARN net.thucydides.core.steps.BaseStepListener - stepFinished: current outcome:Enter the registry by clicking on Join Today:Given than Rodrigo wants to register in uTest [Rodrigo open up [Rodrigo opens the U test page]], When He clicks on the Join Today button
[Test worker] WARN net.thucydides.core.steps.BaseStepListener - stepStarted: net.thucydides.core.steps.ExecutedStepDescription@c45e49c
[Test worker] WARN net.thucydides.core.steps.BaseStepListener - stepFinished: current outcome:Enter the registry by clicking on Join Today:Given than Rodrigo wants to register in uTest [Rodrigo open up [Rodrigo opens the U test page]], When He clicks on the Join Today button, Then he opens the registration form
[Test worker] WARN net.thucydides.core.steps.BaseStepListener - testFinished: Enter the registry by clicking on Join Today:Given than Rodrigo wants to register in uTest [Rodrigo open up [Rodrigo opens the U test page]], When He clicks on the Join Today button, Then he opens the registration form
[Test worker] WARN net.thucydides.core.steps.BaseStepListener - TestOutcomes: [Enter the registry by clicking on Join Today:Given than Rodrigo wants to register in uTest [Rodrigo open up [Rodrigo opens the U test page]], When He clicks on the Join Today button, Then he opens the registration form]
[Test worker] WARN net.thucydides.core.steps.BaseStepListener - Final testOutcomes: [Enter the registry by clicking on Join Today:Given than Rodrigo wants to register in uTest [Rodrigo open up [Rodrigo opens the U test page]], When He clicks on the Join Today button, Then he opens the registration form]
[Test worker] INFO net.thucydides.core.steps.ConsoleLoggingListener - 
        __    _____ _____ ____ _____   ____   _    ____  ____  _____ ____  
  _     \ \  |_   _| ____/ ___|_   _| |  _ \ / \  / ___|/ ___|| ____|  _ \ 
 (_)_____| |   | | |  _| \___ \ | |   | |_) / _ \ \___ \\___ \|  _| | | | |
  _|_____| |   | | | |___ ___) || |   |  __/ ___ \ ___) |___) | |___| |_| |
 (_)     | |   |_| |_____|____/ |_|   |_| /_/   \_\____/|____/|_____|____/ 
        /_/                                                                

TEST PASSED: Enter the registry by clicking on Join Today
----------------------------------------------------------------------------
[Test worker] WARN net.thucydides.core.steps.BaseStepListener - stepStarted: net.thucydides.core.steps.ExecutedStepDescription@3cef2177
[Test worker] WARN net.thucydides.core.steps.BaseStepListener - stepFinished: current outcome:Upload form to fill out:Given than Rodrigo inserts data in the form
[Test worker] WARN net.thucydides.core.steps.BaseStepListener - stepStarted: net.thucydides.core.steps.ExecutedStepDescription@6624656e
[Test worker] WARN net.thucydides.core.steps.BaseStepListener - stepFinished: current outcome:Upload form to fill out:Given than Rodrigo inserts data in the form, When He starts the record
[Test worker] WARN net.thucydides.core.steps.BaseStepListener - stepStarted: net.thucydides.core.steps.ExecutedStepDescription@61b1ab1
[Test worker] WARN net.thucydides.core.steps.BaseStepListener - stepFinished: current outcome:Upload form to fill out:Given than Rodrigo inserts data in the form, When He starts the record, Then He creates a new user on uTest page
[Test worker] WARN net.thucydides.core.steps.BaseStepListener - testFinished: Upload form to fill out:Given than Rodrigo inserts data in the form, When He starts the record, Then He creates a new user on uTest page
[Test worker] WARN net.thucydides.core.steps.BaseStepListener - TestOutcomes: [Enter the registry by clicking on Join Today:Given than Rodrigo wants to register in uTest [Rodrigo open up [Rodrigo opens the U test page]], When He clicks on the Join Today button, Then he opens the registration form, Upload form to fill out:Given than Rodrigo inserts data in the form, When He starts the record, Then He creates a new user on uTest page]
[Test worker] WARN net.thucydides.core.steps.BaseStepListener - Final testOutcomes: [Enter the registry by clicking on Join Today:Given than Rodrigo wants to register in uTest [Rodrigo open up [Rodrigo opens the U test page]], When He clicks on the Join Today button, Then he opens the registration form, Upload form to fill out:Given than Rodrigo inserts data in the form, When He starts the record, Then He creates a new user on uTest page]
[Test worker] INFO net.thucydides.core.steps.ConsoleLoggingListener - 
        __    _____ _____ ____ _____   ____   _    ____  ____  _____ ____  
  _     \ \  |_   _| ____/ ___|_   _| |  _ \ / \  / ___|/ ___|| ____|  _ \ 
 (_)_____| |   | | |  _| \___ \ | |   | |_) / _ \ \___ \\___ \|  _| | | | |
  _|_____| |   | | | |___ ___) || |   |  __/ ___ \ ___) |___) | |___| |_| |
 (_)     | |   |_| |_____|____/ |_|   |_| /_/   \_\____/|____/|_____|____/ 
        /_/                                                                

TEST PASSED: Upload form to fill out
----------------------------------------------------------------------------
]]></system-err>
</testsuite>
