<?xml version="1.0" encoding="UTF-8"?>
<testsuite name="co.com.choucair.certification.pruebatecnica.runners.RunnerTags" tests="0" skipped="0" failures="0" errors="0" timestamp="1970-01-01T00:00:00" hostname="LAPTOP-NKQOBQF1" time="0.0">
  <properties/>
  <system-out><![CDATA[REGISTER BASE STEP LISTENER net.thucydides.core.steps.BaseStepListener@d5e582d

2 Scenarios (?[33m2 undefined?[0m)
6 Steps (?[33m6 undefined?[0m)
0m0,449s


You can implement missing steps with the snippets below:


@Given("^than Rodrigo wants to register in uTest$")
public void thanRodrigoWantsToRegisterInUTest() {
    // Write code here that turns the phrase above into concrete actions
    throw new PendingException();
}

@When("^He clicks on the Join Today button$")
public void heClicksOnTheJoinTodayButton() {
    // Write code here that turns the phrase above into concrete actions
    throw new PendingException();
}

@Then("^he opens the registration form$")
public void heOpensTheRegistrationForm() {
    // Write code here that turns the phrase above into concrete actions
    throw new PendingException();
}

@Given("^than Rodrigo inserts data in the form$")
public void thanRodrigoInsertsDataInTheForm() {
    // Write code here that turns the phrase above into concrete actions
    throw new PendingException();
}

@When("^He starts the record$")
public void heStartsTheRecord() {
    // Write code here that turns the phrase above into concrete actions
    throw new PendingException();
}

@Then("^He creates a new user on uTest page$")
public void heCreatesANewUserOnUTestPage() {
    // Write code here that turns the phrase above into concrete actions
    throw new PendingException();
}

]]></system-out>
  <system-err><![CDATA[[Test worker] INFO net.thucydides.core.steps.ConsoleLoggingListener - 

-------------------------------------------------------------------------------------
     _______. _______ .______       _______ .__   __.  __  .___________.____    ____ 
    /       ||   ____||   _  \     |   ____||  \ |  | |  | |           |\   \  /   / 
   |   (----`|  |__   |  |_)  |    |  |__   |   \|  | |  | `---|  |----` \   \/   /  
    \   \    |   __|  |      /     |   __|  |  . `  | |  |     |  |       \_    _/   
.----)   |   |  |____ |  |\  \----.|  |____ |  |\   | |  |     |  |         |  |     
|_______/    |_______|| _| `._____||_______||__| \__| |__|     |__|         |__|    
                                                                                     
 News and tutorials at http://www.serenity-bdd.info                                  
 Documentation at https://wakaleo.gitbooks.io/the-serenity-book/content/             
 Join the Serenity Community on Rocket Chat at https://serenity-bdd.rocket.chat      
 Serenity BDD Support and Training at http://serenity-bdd.info/#/trainingandsupport  
 Learn Serenity BDD online at http://serenity-dojo.com                               
-------------------------------------------------------------------------------------

[Test worker] INFO net.thucydides.core.steps.ConsoleLoggingListener - Test Suite Started: uTest register
[Test worker] WARN net.thucydides.core.steps.BaseStepListener - testStarted: Enter the registry by clicking on Join Today/utest-register;enter-the-registry-by-clicking-on-join-today
[Test worker] INFO net.thucydides.core.steps.ConsoleLoggingListener - 
 _____ _____ ____ _____   ____ _____  _    ____ _____ _____ ____  
|_   _| ____/ ___|_   _| / ___|_   _|/ \  |  _ \_   _| ____|  _ \ 
  | | |  _| \___ \ | |   \___ \ | | / _ \ | |_) || | |  _| | | | |
  | | | |___ ___) || |    ___) || |/ ___ \|  _ < | | | |___| |_| |
  |_| |_____|____/ |_|   |____/ |_/_/   \_\_| \_\|_| |_____|____/ 
                                                                  

TEST STARTED: Enter the registry by clicking on Join Today
-------------------------------------------------------------------(utest-register;enter-the-registry-by-clicking-on-join-today)
[Test worker] WARN net.thucydides.core.steps.BaseStepListener - testStarted: Upload form to fill out/utest-register;upload-form-to-fill-out
[Test worker] INFO net.thucydides.core.steps.ConsoleLoggingListener - 
 _____ _____ ____ _____   ____ _____  _    ____ _____ _____ ____  
|_   _| ____/ ___|_   _| / ___|_   _|/ \  |  _ \_   _| ____|  _ \ 
  | | |  _| \___ \ | |   \___ \ | | / _ \ | |_) || | |  _| | | | |
  | | | |___ ___) || |    ___) || |/ ___ \|  _ < | | | |___| |_| |
  |_| |_____|____/ |_|   |____/ |_/_/   \_\_| \_\|_| |_____|____/ 
                                                                  

TEST STARTED: Upload form to fill out
-------------------------------------------------------------------(utest-register;upload-form-to-fill-out)
[pool-2-thread-2] INFO net.thucydides.core.requirements.PackageRequirementsTagProvider - Loading requirements from package requirements at: net.thucydides.showcase.cucumber.junit
[pool-2-thread-1] INFO net.thucydides.core.requirements.PackageRequirementsTagProvider - Loading requirements from package requirements at: net.thucydides.showcase.cucumber.junit
]]></system-err>
</testsuite>
