<?xml version="1.0" encoding="UTF-8"?>
<testsuite name="uTest register" tests="1" skipped="0" failures="1" errors="0" timestamp="2021-11-04T06:54:23" hostname="LAPTOP-NKQOBQF1" time="47.853">
  <properties/>
  <testcase name="Enter the registry by clicking on Join Today" classname="uTest register" time="47.853">
    <failure message="cucumber.runtime.CucumberException: Arity mismatch: Step Definition 'co.com.choucair.certification.pruebatecnica.stepdefinitions.uTestStepDefinitions.heOpensTheRegistrationForm(UTestData&gt;) in file:/C:/Users/roaco/Desktop/Proyectos/pruebaTecnicaChoucair/build/classes/java/test/' with pattern [^he opens the registration form$] is declared with 1 parameters. However, the gherkin step has 0 arguments []. &#10;Step text: he opens the registration form" type="cucumber.runtime.CucumberException">cucumber.runtime.CucumberException: Arity mismatch: Step Definition 'co.com.choucair.certification.pruebatecnica.stepdefinitions.uTestStepDefinitions.heOpensTheRegistrationForm(UTestData&gt;) in file:/C:/Users/roaco/Desktop/Proyectos/pruebaTecnicaChoucair/build/classes/java/test/' with pattern [^he opens the registration form$] is declared with 1 parameters. However, the gherkin step has 0 arguments []. 
Step text: he opens the registration form
	at cucumber.runtime.StepDefinitionMatch.arityMismatch(StepDefinitionMatch.java:111)
	at cucumber.runtime.StepDefinitionMatch.transformedArgs(StepDefinitionMatch.java:66)
	at cucumber.runtime.StepDefinitionMatch.runStep(StepDefinitionMatch.java:40)
	at cucumber.api.TestStep.executeStep(TestStep.java:102)
	at cucumber.api.TestStep.run(TestStep.java:83)
	at cucumber.api.TestCase.run(TestCase.java:58)
	at cucumber.runner.Runner.runPickle(Runner.java:80)
	at cucumber.runtime.junit.PickleRunners$NoStepDescriptions.run(PickleRunners.java:140)
	at cucumber.runtime.junit.FeatureRunner.runChild(FeatureRunner.java:68)
	at cucumber.runtime.junit.FeatureRunner.runChild(FeatureRunner.java:23)
	at org.junit.runners.ParentRunner$3.run(ParentRunner.java:290)
	at org.junit.runners.ParentRunner$1.schedule(ParentRunner.java:71)
	at org.junit.runners.ParentRunner.runChildren(ParentRunner.java:288)
	at org.junit.runners.ParentRunner.access$000(ParentRunner.java:58)
	at org.junit.runners.ParentRunner$2.evaluate(ParentRunner.java:268)
	at org.junit.runners.ParentRunner.run(ParentRunner.java:363)
	at cucumber.runtime.junit.FeatureRunner.run(FeatureRunner.java:73)
	at cucumber.api.junit.Cucumber.runChild(Cucumber.java:118)
	at cucumber.api.junit.Cucumber.runChild(Cucumber.java:56)
	at org.junit.runners.ParentRunner$3.run(ParentRunner.java:290)
	at org.junit.runners.ParentRunner$1.schedule(ParentRunner.java:71)
	at org.junit.runners.ParentRunner.runChildren(ParentRunner.java:288)
	at org.junit.runners.ParentRunner.access$000(ParentRunner.java:58)
	at org.junit.runners.ParentRunner$2.evaluate(ParentRunner.java:268)
	at cucumber.api.junit.Cucumber$1.evaluate(Cucumber.java:127)
	at org.junit.runners.ParentRunner.run(ParentRunner.java:363)
	at org.gradle.api.internal.tasks.testing.junit.JUnitTestClassExecutor.runTestClass(JUnitTestClassExecutor.java:110)
	at org.gradle.api.internal.tasks.testing.junit.JUnitTestClassExecutor.execute(JUnitTestClassExecutor.java:58)
	at org.gradle.api.internal.tasks.testing.junit.JUnitTestClassExecutor.execute(JUnitTestClassExecutor.java:38)
	at org.gradle.api.internal.tasks.testing.junit.AbstractJUnitTestClassProcessor.processTestClass(AbstractJUnitTestClassProcessor.java:62)
	at org.gradle.api.internal.tasks.testing.SuiteTestClassProcessor.processTestClass(SuiteTestClassProcessor.java:51)
	at sun.reflect.NativeMethodAccessorImpl.invoke0(Native Method)
	at sun.reflect.NativeMethodAccessorImpl.invoke(NativeMethodAccessorImpl.java:62)
	at sun.reflect.DelegatingMethodAccessorImpl.invoke(DelegatingMethodAccessorImpl.java:43)
	at java.lang.reflect.Method.invoke(Method.java:498)
	at org.gradle.internal.dispatch.ReflectionDispatch.dispatch(ReflectionDispatch.java:36)
	at org.gradle.internal.dispatch.ReflectionDispatch.dispatch(ReflectionDispatch.java:24)
	at org.gradle.internal.dispatch.ContextClassLoaderDispatch.dispatch(ContextClassLoaderDispatch.java:33)
	at org.gradle.internal.dispatch.ProxyDispatchAdapter$DispatchingInvocationHandler.invoke(ProxyDispatchAdapter.java:94)
	at com.sun.proxy.$Proxy2.processTestClass(Unknown Source)
	at org.gradle.api.internal.tasks.testing.worker.TestWorker.processTestClass(TestWorker.java:121)
	at sun.reflect.NativeMethodAccessorImpl.invoke0(Native Method)
	at sun.reflect.NativeMethodAccessorImpl.invoke(NativeMethodAccessorImpl.java:62)
	at sun.reflect.DelegatingMethodAccessorImpl.invoke(DelegatingMethodAccessorImpl.java:43)
	at java.lang.reflect.Method.invoke(Method.java:498)
	at org.gradle.internal.dispatch.ReflectionDispatch.dispatch(ReflectionDispatch.java:36)
	at org.gradle.internal.dispatch.ReflectionDispatch.dispatch(ReflectionDispatch.java:24)
	at org.gradle.internal.remote.internal.hub.MessageHubBackedObjectConnection$DispatchWrapper.dispatch(MessageHubBackedObjectConnection.java:182)
	at org.gradle.internal.remote.internal.hub.MessageHubBackedObjectConnection$DispatchWrapper.dispatch(MessageHubBackedObjectConnection.java:164)
	at org.gradle.internal.remote.internal.hub.MessageHub$Handler.run(MessageHub.java:414)
	at org.gradle.internal.concurrent.ExecutorPolicy$CatchAndRecordFailures.onExecute(ExecutorPolicy.java:64)
	at org.gradle.internal.concurrent.ManagedExecutorImpl$1.run(ManagedExecutorImpl.java:48)
	at java.util.concurrent.ThreadPoolExecutor.runWorker(ThreadPoolExecutor.java:1149)
	at java.util.concurrent.ThreadPoolExecutor$Worker.run(ThreadPoolExecutor.java:624)
	at org.gradle.internal.concurrent.ThreadFactoryImpl$ManagedThreadRunnable.run(ThreadFactoryImpl.java:56)
	at java.lang.Thread.run(Thread.java:748)
</failure>
  </testcase>
  <system-out><![CDATA[]]></system-out>
  <system-err><![CDATA[[Test worker] WARN net.thucydides.core.steps.BaseStepListener - stepStarted: net.thucydides.core.steps.ExecutedStepDescription@23167a34
[Test worker] WARN net.thucydides.core.steps.BaseStepListener - stepStarted: net.thucydides.core.steps.ExecutedStepDescription@785b7f94
[Test worker] WARN net.thucydides.core.steps.BaseStepListener - stepStarted: net.thucydides.core.steps.ExecutedStepDescription@40437b2c
nov 04, 2021 1:54:24 AM org.openqa.selenium.remote.DesiredCapabilities chrome
INFORMACIÓN: Using `new ChromeOptions()` is preferred to `DesiredCapabilities.chrome()`
[Test worker] INFO net.serenitybdd.core.webdriver.driverproviders.ProvideNewDriver - Instantiating driver
[Test worker] INFO net.serenitybdd.core.webdriver.driverproviders.ProvideNewDriver - Driver capabilities: Capabilities {acceptInsecureCerts: false, browserName: chrome, chrome.switches: --start-maximized, goog:chromeOptions: {args: [--start-maximized], extensions: []}, loggingPrefs: org.openqa.selenium.logging..., platform: ANY, version: }
Starting ChromeDriver 94.0.4606.41 (333e85df3c9b656b518b5f1add5ff246365b6c24-refs/branch-heads/4606@{#845}) on port 24350
Only local connections are allowed.
Please see https://chromedriver.chromium.org/security-considerations for suggestions on keeping ChromeDriver safe.
ChromeDriver was started successfully.
[1636008867.704][WARNING]: This version of ChromeDriver has not been tested with Chrome version 95.
nov 04, 2021 1:54:28 AM org.openqa.selenium.remote.ProtocolHandshake createSession
INFORMACIÓN: Detected dialect: W3C
[Test worker] WARN net.thucydides.core.steps.BaseStepListener - stepFinished: current outcome:Enter the registry by clicking on Join Today:Example: {strFirstName=Rodrigo, strLastName=Acosta, strEmailAddress=rodrigo@test.com, strMonthBirth=January, strDayBirth=20, strYearBirth=1994, strInputLanguage=Spanish, strInputCity=Armenia, strInputZIP=630001, strInputCountry=Colombia, strPassword=Prueba123*, strConfirmPassword=Prueba123*} [Given than Rodrigo wants to register in uTest [Rodrigo open up [Rodrigo opens the U test page]]]
[Test worker] WARN net.thucydides.core.steps.BaseStepListener - stepFinished: current outcome:Enter the registry by clicking on Join Today:Example: {strFirstName=Rodrigo, strLastName=Acosta, strEmailAddress=rodrigo@test.com, strMonthBirth=January, strDayBirth=20, strYearBirth=1994, strInputLanguage=Spanish, strInputCity=Armenia, strInputZIP=630001, strInputCountry=Colombia, strPassword=Prueba123*, strConfirmPassword=Prueba123*} [Given than Rodrigo wants to register in uTest [Rodrigo open up [Rodrigo opens the U test page]]]
[Test worker] WARN net.thucydides.core.steps.BaseStepListener - stepStarted: net.thucydides.core.steps.ExecutedStepDescription@1f9b24f2
[Test worker] WARN net.thucydides.core.steps.BaseStepListener - stepStarted: net.thucydides.core.steps.ExecutedStepDescription@37e7423a
[Test worker] WARN net.thucydides.core.steps.BaseStepListener - stepFinished: current outcome:Enter the registry by clicking on Join Today:Example: {strFirstName=Rodrigo, strLastName=Acosta, strEmailAddress=rodrigo@test.com, strMonthBirth=January, strDayBirth=20, strYearBirth=1994, strInputLanguage=Spanish, strInputCity=Armenia, strInputZIP=630001, strInputCountry=Colombia, strPassword=Prueba123*, strConfirmPassword=Prueba123*} [Given than Rodrigo wants to register in uTest [Rodrigo open up [Rodrigo opens the U test page], Rodrigo login [Rodrigo clicks on button that shows us the form to register a new user ]]]
[Test worker] WARN net.thucydides.core.steps.BaseStepListener - stepFinished: current outcome:Enter the registry by clicking on Join Today:Example: {strFirstName=Rodrigo, strLastName=Acosta, strEmailAddress=rodrigo@test.com, strMonthBirth=January, strDayBirth=20, strYearBirth=1994, strInputLanguage=Spanish, strInputCity=Armenia, strInputZIP=630001, strInputCountry=Colombia, strPassword=Prueba123*, strConfirmPassword=Prueba123*} [Given than Rodrigo wants to register in uTest [Rodrigo open up [Rodrigo opens the U test page], Rodrigo login [Rodrigo clicks on button that shows us the form to register a new user ]]]
[Test worker] WARN net.thucydides.core.steps.BaseStepListener - stepFinished: current outcome:Enter the registry by clicking on Join Today:Example: {strFirstName=Rodrigo, strLastName=Acosta, strEmailAddress=rodrigo@test.com, strMonthBirth=January, strDayBirth=20, strYearBirth=1994, strInputLanguage=Spanish, strInputCity=Armenia, strInputZIP=630001, strInputCountry=Colombia, strPassword=Prueba123*, strConfirmPassword=Prueba123*} [Given than Rodrigo wants to register in uTest [Rodrigo open up [Rodrigo opens the U test page], Rodrigo login [Rodrigo clicks on button that shows us the form to register a new user ]]]
[Test worker] WARN net.thucydides.core.steps.BaseStepListener - stepStarted: net.thucydides.core.steps.ExecutedStepDescription@2de40463
[Test worker] WARN net.thucydides.core.steps.BaseStepListener - stepStarted: net.thucydides.core.steps.ExecutedStepDescription@1ed0f8c4
[Test worker] WARN net.thucydides.core.steps.BaseStepListener - stepStarted: net.thucydides.core.steps.ExecutedStepDescription@1ac3d301
[Test worker] WARN net.thucydides.core.steps.BaseStepListener - stepFinished: current outcome:Enter the registry by clicking on Join Today:Example: {strFirstName=Rodrigo, strLastName=Acosta, strEmailAddress=rodrigo@test.com, strMonthBirth=January, strDayBirth=20, strYearBirth=1994, strInputLanguage=Spanish, strInputCity=Armenia, strInputZIP=630001, strInputCountry=Colombia, strPassword=Prueba123*, strConfirmPassword=Prueba123*} [Given than Rodrigo wants to register in uTest [Rodrigo open up [Rodrigo opens the U test page], Rodrigo login [Rodrigo clicks on button that shows us the form to register a new user ]], When He clicks on the Join Today button
| strFirstName | strLastName | strEmailAddress | strMonthBirth | strDayBirth | strYearBirth | strInputLanguage | strInputCity | strInputZIP | strInputCountry | strPassword | strConfirmPassword |
| Rodrigo | Acosta | rodrigo@test.com | January | 20 | 1994 | Spanish | Armenia | 630001 | Colombia | Prueba123* | Prueba123* | [Rodrigo register user [Rodrigo enters 'Rodrigo' into where the user will enter their name]]]
[Test worker] WARN net.thucydides.core.steps.BaseStepListener - stepStarted: net.thucydides.core.steps.ExecutedStepDescription@127d1067
[Test worker] WARN net.thucydides.core.steps.BaseStepListener - stepFinished: current outcome:Enter the registry by clicking on Join Today:Example: {strFirstName=Rodrigo, strLastName=Acosta, strEmailAddress=rodrigo@test.com, strMonthBirth=January, strDayBirth=20, strYearBirth=1994, strInputLanguage=Spanish, strInputCity=Armenia, strInputZIP=630001, strInputCountry=Colombia, strPassword=Prueba123*, strConfirmPassword=Prueba123*} [Given than Rodrigo wants to register in uTest [Rodrigo open up [Rodrigo opens the U test page], Rodrigo login [Rodrigo clicks on button that shows us the form to register a new user ]], When He clicks on the Join Today button
| strFirstName | strLastName | strEmailAddress | strMonthBirth | strDayBirth | strYearBirth | strInputLanguage | strInputCity | strInputZIP | strInputCountry | strPassword | strConfirmPassword |
| Rodrigo | Acosta | rodrigo@test.com | January | 20 | 1994 | Spanish | Armenia | 630001 | Colombia | Prueba123* | Prueba123* | [Rodrigo register user [Rodrigo enters 'Rodrigo' into where the user will enter their name, Rodrigo enters 'Acosta' into where the user will enter their last name]]]
[Test worker] WARN net.thucydides.core.steps.BaseStepListener - stepStarted: net.thucydides.core.steps.ExecutedStepDescription@7ed6391e
[Test worker] WARN net.thucydides.core.steps.BaseStepListener - stepFinished: current outcome:Enter the registry by clicking on Join Today:Example: {strFirstName=Rodrigo, strLastName=Acosta, strEmailAddress=rodrigo@test.com, strMonthBirth=January, strDayBirth=20, strYearBirth=1994, strInputLanguage=Spanish, strInputCity=Armenia, strInputZIP=630001, strInputCountry=Colombia, strPassword=Prueba123*, strConfirmPassword=Prueba123*} [Given than Rodrigo wants to register in uTest [Rodrigo open up [Rodrigo opens the U test page], Rodrigo login [Rodrigo clicks on button that shows us the form to register a new user ]], When He clicks on the Join Today button
| strFirstName | strLastName | strEmailAddress | strMonthBirth | strDayBirth | strYearBirth | strInputLanguage | strInputCity | strInputZIP | strInputCountry | strPassword | strConfirmPassword |
| Rodrigo | Acosta | rodrigo@test.com | January | 20 | 1994 | Spanish | Armenia | 630001 | Colombia | Prueba123* | Prueba123* | [Rodrigo register user [Rodrigo enters 'Rodrigo' into where the user will enter their name, Rodrigo enters 'Acosta' into where the user will enter their last name, Rodrigo enters 'rodrigo@test.com' into where the user will enter their email address]]]
[Test worker] WARN net.thucydides.core.steps.BaseStepListener - stepStarted: net.thucydides.core.steps.ExecutedStepDescription@21f643d8
[Test worker] WARN net.thucydides.core.steps.BaseStepListener - stepFinished: current outcome:Enter the registry by clicking on Join Today:Example: {strFirstName=Rodrigo, strLastName=Acosta, strEmailAddress=rodrigo@test.com, strMonthBirth=January, strDayBirth=20, strYearBirth=1994, strInputLanguage=Spanish, strInputCity=Armenia, strInputZIP=630001, strInputCountry=Colombia, strPassword=Prueba123*, strConfirmPassword=Prueba123*} [Given than Rodrigo wants to register in uTest [Rodrigo open up [Rodrigo opens the U test page], Rodrigo login [Rodrigo clicks on button that shows us the form to register a new user ]], When He clicks on the Join Today button
| strFirstName | strLastName | strEmailAddress | strMonthBirth | strDayBirth | strYearBirth | strInputLanguage | strInputCity | strInputZIP | strInputCountry | strPassword | strConfirmPassword |
| Rodrigo | Acosta | rodrigo@test.com | January | 20 | 1994 | Spanish | Armenia | 630001 | Colombia | Prueba123* | Prueba123* | [Rodrigo register user [Rodrigo enters 'Rodrigo' into where the user will enter their name, Rodrigo enters 'Acosta' into where the user will enter their last name, Rodrigo enters 'rodrigo@test.com' into where the user will enter their email address, Rodrigo select January on where the user selects their month of birth]]]
[Test worker] WARN net.thucydides.core.steps.BaseStepListener - stepStarted: net.thucydides.core.steps.ExecutedStepDescription@472e5743
[Test worker] WARN net.thucydides.core.steps.BaseStepListener - stepFinished: current outcome:Enter the registry by clicking on Join Today:Example: {strFirstName=Rodrigo, strLastName=Acosta, strEmailAddress=rodrigo@test.com, strMonthBirth=January, strDayBirth=20, strYearBirth=1994, strInputLanguage=Spanish, strInputCity=Armenia, strInputZIP=630001, strInputCountry=Colombia, strPassword=Prueba123*, strConfirmPassword=Prueba123*} [Given than Rodrigo wants to register in uTest [Rodrigo open up [Rodrigo opens the U test page], Rodrigo login [Rodrigo clicks on button that shows us the form to register a new user ]], When He clicks on the Join Today button
| strFirstName | strLastName | strEmailAddress | strMonthBirth | strDayBirth | strYearBirth | strInputLanguage | strInputCity | strInputZIP | strInputCountry | strPassword | strConfirmPassword |
| Rodrigo | Acosta | rodrigo@test.com | January | 20 | 1994 | Spanish | Armenia | 630001 | Colombia | Prueba123* | Prueba123* | [Rodrigo register user [Rodrigo enters 'Rodrigo' into where the user will enter their name, Rodrigo enters 'Acosta' into where the user will enter their last name, Rodrigo enters 'rodrigo@test.com' into where the user will enter their email address, Rodrigo select January on where the user selects their month of birth, Rodrigo select 20 on where the user selects their day of birth]]]
[Test worker] WARN net.thucydides.core.steps.BaseStepListener - stepStarted: net.thucydides.core.steps.ExecutedStepDescription@2a20bdce
[Test worker] WARN net.thucydides.core.steps.BaseStepListener - stepFinished: current outcome:Enter the registry by clicking on Join Today:Example: {strFirstName=Rodrigo, strLastName=Acosta, strEmailAddress=rodrigo@test.com, strMonthBirth=January, strDayBirth=20, strYearBirth=1994, strInputLanguage=Spanish, strInputCity=Armenia, strInputZIP=630001, strInputCountry=Colombia, strPassword=Prueba123*, strConfirmPassword=Prueba123*} [Given than Rodrigo wants to register in uTest [Rodrigo open up [Rodrigo opens the U test page], Rodrigo login [Rodrigo clicks on button that shows us the form to register a new user ]], When He clicks on the Join Today button
| strFirstName | strLastName | strEmailAddress | strMonthBirth | strDayBirth | strYearBirth | strInputLanguage | strInputCity | strInputZIP | strInputCountry | strPassword | strConfirmPassword |
| Rodrigo | Acosta | rodrigo@test.com | January | 20 | 1994 | Spanish | Armenia | 630001 | Colombia | Prueba123* | Prueba123* | [Rodrigo register user [Rodrigo enters 'Rodrigo' into where the user will enter their name, Rodrigo enters 'Acosta' into where the user will enter their last name, Rodrigo enters 'rodrigo@test.com' into where the user will enter their email address, Rodrigo select January on where the user selects their month of birth, Rodrigo select 20 on where the user selects their day of birth, Rodrigo select 1994 on where the user selects their year of birth]]]
[Test worker] WARN net.thucydides.core.steps.BaseStepListener - stepStarted: net.thucydides.core.steps.ExecutedStepDescription@41db1360
[Test worker] WARN net.thucydides.core.steps.BaseStepListener - stepFinished: current outcome:Enter the registry by clicking on Join Today:Example: {strFirstName=Rodrigo, strLastName=Acosta, strEmailAddress=rodrigo@test.com, strMonthBirth=January, strDayBirth=20, strYearBirth=1994, strInputLanguage=Spanish, strInputCity=Armenia, strInputZIP=630001, strInputCountry=Colombia, strPassword=Prueba123*, strConfirmPassword=Prueba123*} [Given than Rodrigo wants to register in uTest [Rodrigo open up [Rodrigo opens the U test page], Rodrigo login [Rodrigo clicks on button that shows us the form to register a new user ]], When He clicks on the Join Today button
| strFirstName | strLastName | strEmailAddress | strMonthBirth | strDayBirth | strYearBirth | strInputLanguage | strInputCity | strInputZIP | strInputCountry | strPassword | strConfirmPassword |
| Rodrigo | Acosta | rodrigo@test.com | January | 20 | 1994 | Spanish | Armenia | 630001 | Colombia | Prueba123* | Prueba123* | [Rodrigo register user [Rodrigo enters 'Rodrigo' into where the user will enter their name, Rodrigo enters 'Acosta' into where the user will enter their last name, Rodrigo enters 'rodrigo@test.com' into where the user will enter their email address, Rodrigo select January on where the user selects their month of birth, Rodrigo select 20 on where the user selects their day of birth, Rodrigo select 1994 on where the user selects their year of birth, Rodrigo clicks on where the user enters the languages he speaks]]]
[Test worker] WARN net.thucydides.core.steps.BaseStepListener - stepStarted: net.thucydides.core.steps.ExecutedStepDescription@4a4c6bb7
[Test worker] WARN net.thucydides.core.steps.BaseStepListener - stepFinished: current outcome:Enter the registry by clicking on Join Today:Example: {strFirstName=Rodrigo, strLastName=Acosta, strEmailAddress=rodrigo@test.com, strMonthBirth=January, strDayBirth=20, strYearBirth=1994, strInputLanguage=Spanish, strInputCity=Armenia, strInputZIP=630001, strInputCountry=Colombia, strPassword=Prueba123*, strConfirmPassword=Prueba123*} [Given than Rodrigo wants to register in uTest [Rodrigo open up [Rodrigo opens the U test page], Rodrigo login [Rodrigo clicks on button that shows us the form to register a new user ]], When He clicks on the Join Today button
| strFirstName | strLastName | strEmailAddress | strMonthBirth | strDayBirth | strYearBirth | strInputLanguage | strInputCity | strInputZIP | strInputCountry | strPassword | strConfirmPassword |
| Rodrigo | Acosta | rodrigo@test.com | January | 20 | 1994 | Spanish | Armenia | 630001 | Colombia | Prueba123* | Prueba123* | [Rodrigo register user [Rodrigo enters 'Rodrigo' into where the user will enter their name, Rodrigo enters 'Acosta' into where the user will enter their last name, Rodrigo enters 'rodrigo@test.com' into where the user will enter their email address, Rodrigo select January on where the user selects their month of birth, Rodrigo select 20 on where the user selects their day of birth, Rodrigo select 1994 on where the user selects their year of birth, Rodrigo clicks on where the user enters the languages he speaks, Rodrigo clicks on Where the user will advance to the next form]]]
[Test worker] WARN net.thucydides.core.steps.BaseStepListener - stepStarted: net.thucydides.core.steps.ExecutedStepDescription@3327cb19
[Test worker] WARN net.thucydides.core.steps.BaseStepListener - stepFinished: current outcome:Enter the registry by clicking on Join Today:Example: {strFirstName=Rodrigo, strLastName=Acosta, strEmailAddress=rodrigo@test.com, strMonthBirth=January, strDayBirth=20, strYearBirth=1994, strInputLanguage=Spanish, strInputCity=Armenia, strInputZIP=630001, strInputCountry=Colombia, strPassword=Prueba123*, strConfirmPassword=Prueba123*} [Given than Rodrigo wants to register in uTest [Rodrigo open up [Rodrigo opens the U test page], Rodrigo login [Rodrigo clicks on button that shows us the form to register a new user ]], When He clicks on the Join Today button
| strFirstName | strLastName | strEmailAddress | strMonthBirth | strDayBirth | strYearBirth | strInputLanguage | strInputCity | strInputZIP | strInputCountry | strPassword | strConfirmPassword |
| Rodrigo | Acosta | rodrigo@test.com | January | 20 | 1994 | Spanish | Armenia | 630001 | Colombia | Prueba123* | Prueba123* | [Rodrigo register user [Rodrigo enters 'Rodrigo' into where the user will enter their name, Rodrigo enters 'Acosta' into where the user will enter their last name, Rodrigo enters 'rodrigo@test.com' into where the user will enter their email address, Rodrigo select January on where the user selects their month of birth, Rodrigo select 20 on where the user selects their day of birth, Rodrigo select 1994 on where the user selects their year of birth, Rodrigo clicks on where the user enters the languages he speaks, Rodrigo clicks on Where the user will advance to the next form, Rodrigo enters 'Armenia' into Where the user enters the city]]]
[Test worker] WARN net.thucydides.core.steps.BaseStepListener - stepStarted: net.thucydides.core.steps.ExecutedStepDescription@11007a98
[Test worker] WARN net.thucydides.core.steps.BaseStepListener - stepFinished: current outcome:Enter the registry by clicking on Join Today:Example: {strFirstName=Rodrigo, strLastName=Acosta, strEmailAddress=rodrigo@test.com, strMonthBirth=January, strDayBirth=20, strYearBirth=1994, strInputLanguage=Spanish, strInputCity=Armenia, strInputZIP=630001, strInputCountry=Colombia, strPassword=Prueba123*, strConfirmPassword=Prueba123*} [Given than Rodrigo wants to register in uTest [Rodrigo open up [Rodrigo opens the U test page], Rodrigo login [Rodrigo clicks on button that shows us the form to register a new user ]], When He clicks on the Join Today button
| strFirstName | strLastName | strEmailAddress | strMonthBirth | strDayBirth | strYearBirth | strInputLanguage | strInputCity | strInputZIP | strInputCountry | strPassword | strConfirmPassword |
| Rodrigo | Acosta | rodrigo@test.com | January | 20 | 1994 | Spanish | Armenia | 630001 | Colombia | Prueba123* | Prueba123* | [Rodrigo register user [Rodrigo enters 'Rodrigo' into where the user will enter their name, Rodrigo enters 'Acosta' into where the user will enter their last name, Rodrigo enters 'rodrigo@test.com' into where the user will enter their email address, Rodrigo select January on where the user selects their month of birth, Rodrigo select 20 on where the user selects their day of birth, Rodrigo select 1994 on where the user selects their year of birth, Rodrigo clicks on where the user enters the languages he speaks, Rodrigo clicks on Where the user will advance to the next form, Rodrigo enters 'Armenia' into Where the user enters the city, Rodrigo types 'ARROW_DOWN' in Where the user enters the city]]]
[Test worker] WARN net.thucydides.core.steps.BaseStepListener - stepStarted: net.thucydides.core.steps.ExecutedStepDescription@57cee97e
[Test worker] WARN net.thucydides.core.steps.BaseStepListener - stepFinished: current outcome:Enter the registry by clicking on Join Today:Example: {strFirstName=Rodrigo, strLastName=Acosta, strEmailAddress=rodrigo@test.com, strMonthBirth=January, strDayBirth=20, strYearBirth=1994, strInputLanguage=Spanish, strInputCity=Armenia, strInputZIP=630001, strInputCountry=Colombia, strPassword=Prueba123*, strConfirmPassword=Prueba123*} [Given than Rodrigo wants to register in uTest [Rodrigo open up [Rodrigo opens the U test page], Rodrigo login [Rodrigo clicks on button that shows us the form to register a new user ]], When He clicks on the Join Today button
| strFirstName | strLastName | strEmailAddress | strMonthBirth | strDayBirth | strYearBirth | strInputLanguage | strInputCity | strInputZIP | strInputCountry | strPassword | strConfirmPassword |
| Rodrigo | Acosta | rodrigo@test.com | January | 20 | 1994 | Spanish | Armenia | 630001 | Colombia | Prueba123* | Prueba123* | [Rodrigo register user [Rodrigo enters 'Rodrigo' into where the user will enter their name, Rodrigo enters 'Acosta' into where the user will enter their last name, Rodrigo enters 'rodrigo@test.com' into where the user will enter their email address, Rodrigo select January on where the user selects their month of birth, Rodrigo select 20 on where the user selects their day of birth, Rodrigo select 1994 on where the user selects their year of birth, Rodrigo clicks on where the user enters the languages he speaks, Rodrigo clicks on Where the user will advance to the next form, Rodrigo enters 'Armenia' into Where the user enters the city, Rodrigo types 'ARROW_DOWN' in Where the user enters the city, Rodrigo types 'ENTER' in Where the user enters the city]]]
[Test worker] WARN net.thucydides.core.steps.BaseStepListener - stepStarted: net.thucydides.core.steps.ExecutedStepDescription@18bff176
[Test worker] WARN net.thucydides.core.steps.BaseStepListener - stepFinished: current outcome:Enter the registry by clicking on Join Today:Example: {strFirstName=Rodrigo, strLastName=Acosta, strEmailAddress=rodrigo@test.com, strMonthBirth=January, strDayBirth=20, strYearBirth=1994, strInputLanguage=Spanish, strInputCity=Armenia, strInputZIP=630001, strInputCountry=Colombia, strPassword=Prueba123*, strConfirmPassword=Prueba123*} [Given than Rodrigo wants to register in uTest [Rodrigo open up [Rodrigo opens the U test page], Rodrigo login [Rodrigo clicks on button that shows us the form to register a new user ]], When He clicks on the Join Today button
| strFirstName | strLastName | strEmailAddress | strMonthBirth | strDayBirth | strYearBirth | strInputLanguage | strInputCity | strInputZIP | strInputCountry | strPassword | strConfirmPassword |
| Rodrigo | Acosta | rodrigo@test.com | January | 20 | 1994 | Spanish | Armenia | 630001 | Colombia | Prueba123* | Prueba123* | [Rodrigo register user [Rodrigo enters 'Rodrigo' into where the user will enter their name, Rodrigo enters 'Acosta' into where the user will enter their last name, Rodrigo enters 'rodrigo@test.com' into where the user will enter their email address, Rodrigo select January on where the user selects their month of birth, Rodrigo select 20 on where the user selects their day of birth, Rodrigo select 1994 on where the user selects their year of birth, Rodrigo clicks on where the user enters the languages he speaks, Rodrigo clicks on Where the user will advance to the next form, Rodrigo enters 'Armenia' into Where the user enters the city, Rodrigo types 'ARROW_DOWN' in Where the user enters the city, Rodrigo types 'ENTER' in Where the user enters the city, Rodrigo enters '630001' into Where the user enters the postal code]]]
[Test worker] WARN net.thucydides.core.steps.BaseStepListener - stepStarted: net.thucydides.core.steps.ExecutedStepDescription@5b45ecd1
[Test worker] WARN net.thucydides.core.steps.BaseStepListener - stepFinished: current outcome:Enter the registry by clicking on Join Today:Example: {strFirstName=Rodrigo, strLastName=Acosta, strEmailAddress=rodrigo@test.com, strMonthBirth=January, strDayBirth=20, strYearBirth=1994, strInputLanguage=Spanish, strInputCity=Armenia, strInputZIP=630001, strInputCountry=Colombia, strPassword=Prueba123*, strConfirmPassword=Prueba123*} [Given than Rodrigo wants to register in uTest [Rodrigo open up [Rodrigo opens the U test page], Rodrigo login [Rodrigo clicks on button that shows us the form to register a new user ]], When He clicks on the Join Today button
| strFirstName | strLastName | strEmailAddress | strMonthBirth | strDayBirth | strYearBirth | strInputLanguage | strInputCity | strInputZIP | strInputCountry | strPassword | strConfirmPassword |
| Rodrigo | Acosta | rodrigo@test.com | January | 20 | 1994 | Spanish | Armenia | 630001 | Colombia | Prueba123* | Prueba123* | [Rodrigo register user [Rodrigo enters 'Rodrigo' into where the user will enter their name, Rodrigo enters 'Acosta' into where the user will enter their last name, Rodrigo enters 'rodrigo@test.com' into where the user will enter their email address, Rodrigo select January on where the user selects their month of birth, Rodrigo select 20 on where the user selects their day of birth, Rodrigo select 1994 on where the user selects their year of birth, Rodrigo clicks on where the user enters the languages he speaks, Rodrigo clicks on Where the user will advance to the next form, Rodrigo enters 'Armenia' into Where the user enters the city, Rodrigo types 'ARROW_DOWN' in Where the user enters the city, Rodrigo types 'ENTER' in Where the user enters the city, Rodrigo enters '630001' into Where the user enters the postal code, Rodrigo clicks on Where the user advances to the next form ]]]
[Test worker] WARN net.thucydides.core.steps.BaseStepListener - stepStarted: net.thucydides.core.steps.ExecutedStepDescription@139aea42
[Test worker] WARN net.thucydides.core.steps.BaseStepListener - stepFinished: current outcome:Enter the registry by clicking on Join Today:Example: {strFirstName=Rodrigo, strLastName=Acosta, strEmailAddress=rodrigo@test.com, strMonthBirth=January, strDayBirth=20, strYearBirth=1994, strInputLanguage=Spanish, strInputCity=Armenia, strInputZIP=630001, strInputCountry=Colombia, strPassword=Prueba123*, strConfirmPassword=Prueba123*} [Given than Rodrigo wants to register in uTest [Rodrigo open up [Rodrigo opens the U test page], Rodrigo login [Rodrigo clicks on button that shows us the form to register a new user ]], When He clicks on the Join Today button
| strFirstName | strLastName | strEmailAddress | strMonthBirth | strDayBirth | strYearBirth | strInputLanguage | strInputCity | strInputZIP | strInputCountry | strPassword | strConfirmPassword |
| Rodrigo | Acosta | rodrigo@test.com | January | 20 | 1994 | Spanish | Armenia | 630001 | Colombia | Prueba123* | Prueba123* | [Rodrigo register user [Rodrigo enters 'Rodrigo' into where the user will enter their name, Rodrigo enters 'Acosta' into where the user will enter their last name, Rodrigo enters 'rodrigo@test.com' into where the user will enter their email address, Rodrigo select January on where the user selects their month of birth, Rodrigo select 20 on where the user selects their day of birth, Rodrigo select 1994 on where the user selects their year of birth, Rodrigo clicks on where the user enters the languages he speaks, Rodrigo clicks on Where the user will advance to the next form, Rodrigo enters 'Armenia' into Where the user enters the city, Rodrigo types 'ARROW_DOWN' in Where the user enters the city, Rodrigo types 'ENTER' in Where the user enters the city, Rodrigo enters '630001' into Where the user enters the postal code, Rodrigo clicks on Where the user advances to the next form , Rodrigo clicks on Where the user selects the computer's OS]]]
[Test worker] WARN net.thucydides.core.steps.BaseStepListener - stepStarted: net.thucydides.core.steps.ExecutedStepDescription@5b565e81
[Test worker] WARN net.thucydides.core.steps.BaseStepListener - stepFinished: current outcome:Enter the registry by clicking on Join Today:Example: {strFirstName=Rodrigo, strLastName=Acosta, strEmailAddress=rodrigo@test.com, strMonthBirth=January, strDayBirth=20, strYearBirth=1994, strInputLanguage=Spanish, strInputCity=Armenia, strInputZIP=630001, strInputCountry=Colombia, strPassword=Prueba123*, strConfirmPassword=Prueba123*} [Given than Rodrigo wants to register in uTest [Rodrigo open up [Rodrigo opens the U test page], Rodrigo login [Rodrigo clicks on button that shows us the form to register a new user ]], When He clicks on the Join Today button
| strFirstName | strLastName | strEmailAddress | strMonthBirth | strDayBirth | strYearBirth | strInputLanguage | strInputCity | strInputZIP | strInputCountry | strPassword | strConfirmPassword |
| Rodrigo | Acosta | rodrigo@test.com | January | 20 | 1994 | Spanish | Armenia | 630001 | Colombia | Prueba123* | Prueba123* | [Rodrigo register user [Rodrigo enters 'Rodrigo' into where the user will enter their name, Rodrigo enters 'Acosta' into where the user will enter their last name, Rodrigo enters 'rodrigo@test.com' into where the user will enter their email address, Rodrigo select January on where the user selects their month of birth, Rodrigo select 20 on where the user selects their day of birth, Rodrigo select 1994 on where the user selects their year of birth, Rodrigo clicks on where the user enters the languages he speaks, Rodrigo clicks on Where the user will advance to the next form, Rodrigo enters 'Armenia' into Where the user enters the city, Rodrigo types 'ARROW_DOWN' in Where the user enters the city, Rodrigo types 'ENTER' in Where the user enters the city, Rodrigo enters '630001' into Where the user enters the postal code, Rodrigo clicks on Where the user advances to the next form , Rodrigo clicks on Where the user selects the computer's OS, Rodrigo clicks on Where the user selects OS version]]]
[Test worker] WARN net.thucydides.core.steps.BaseStepListener - stepStarted: net.thucydides.core.steps.ExecutedStepDescription@1a3fa10f
[Test worker] WARN net.thucydides.core.steps.BaseStepListener - stepFinished: current outcome:Enter the registry by clicking on Join Today:Example: {strFirstName=Rodrigo, strLastName=Acosta, strEmailAddress=rodrigo@test.com, strMonthBirth=January, strDayBirth=20, strYearBirth=1994, strInputLanguage=Spanish, strInputCity=Armenia, strInputZIP=630001, strInputCountry=Colombia, strPassword=Prueba123*, strConfirmPassword=Prueba123*} [Given than Rodrigo wants to register in uTest [Rodrigo open up [Rodrigo opens the U test page], Rodrigo login [Rodrigo clicks on button that shows us the form to register a new user ]], When He clicks on the Join Today button
| strFirstName | strLastName | strEmailAddress | strMonthBirth | strDayBirth | strYearBirth | strInputLanguage | strInputCity | strInputZIP | strInputCountry | strPassword | strConfirmPassword |
| Rodrigo | Acosta | rodrigo@test.com | January | 20 | 1994 | Spanish | Armenia | 630001 | Colombia | Prueba123* | Prueba123* | [Rodrigo register user [Rodrigo enters 'Rodrigo' into where the user will enter their name, Rodrigo enters 'Acosta' into where the user will enter their last name, Rodrigo enters 'rodrigo@test.com' into where the user will enter their email address, Rodrigo select January on where the user selects their month of birth, Rodrigo select 20 on where the user selects their day of birth, Rodrigo select 1994 on where the user selects their year of birth, Rodrigo clicks on where the user enters the languages he speaks, Rodrigo clicks on Where the user will advance to the next form, Rodrigo enters 'Armenia' into Where the user enters the city, Rodrigo types 'ARROW_DOWN' in Where the user enters the city, Rodrigo types 'ENTER' in Where the user enters the city, Rodrigo enters '630001' into Where the user enters the postal code, Rodrigo clicks on Where the user advances to the next form , Rodrigo clicks on Where the user selects the computer's OS, Rodrigo clicks on Where the user selects OS version, Rodrigo clicks on Where the user selects OS language]]]
[Test worker] WARN net.thucydides.core.steps.BaseStepListener - stepStarted: net.thucydides.core.steps.ExecutedStepDescription@4711b6f
[Test worker] WARN net.thucydides.core.steps.BaseStepListener - stepFinished: current outcome:Enter the registry by clicking on Join Today:Example: {strFirstName=Rodrigo, strLastName=Acosta, strEmailAddress=rodrigo@test.com, strMonthBirth=January, strDayBirth=20, strYearBirth=1994, strInputLanguage=Spanish, strInputCity=Armenia, strInputZIP=630001, strInputCountry=Colombia, strPassword=Prueba123*, strConfirmPassword=Prueba123*} [Given than Rodrigo wants to register in uTest [Rodrigo open up [Rodrigo opens the U test page], Rodrigo login [Rodrigo clicks on button that shows us the form to register a new user ]], When He clicks on the Join Today button
| strFirstName | strLastName | strEmailAddress | strMonthBirth | strDayBirth | strYearBirth | strInputLanguage | strInputCity | strInputZIP | strInputCountry | strPassword | strConfirmPassword |
| Rodrigo | Acosta | rodrigo@test.com | January | 20 | 1994 | Spanish | Armenia | 630001 | Colombia | Prueba123* | Prueba123* | [Rodrigo register user [Rodrigo enters 'Rodrigo' into where the user will enter their name, Rodrigo enters 'Acosta' into where the user will enter their last name, Rodrigo enters 'rodrigo@test.com' into where the user will enter their email address, Rodrigo select January on where the user selects their month of birth, Rodrigo select 20 on where the user selects their day of birth, Rodrigo select 1994 on where the user selects their year of birth, Rodrigo clicks on where the user enters the languages he speaks, Rodrigo clicks on Where the user will advance to the next form, Rodrigo enters 'Armenia' into Where the user enters the city, Rodrigo types 'ARROW_DOWN' in Where the user enters the city, Rodrigo types 'ENTER' in Where the user enters the city, Rodrigo enters '630001' into Where the user enters the postal code, Rodrigo clicks on Where the user advances to the next form , Rodrigo clicks on Where the user selects the computer's OS, Rodrigo clicks on Where the user selects OS version, Rodrigo clicks on Where the user selects OS language, Rodrigo clicks on Where the user selects mobile device ]]]
[Test worker] WARN net.thucydides.core.steps.BaseStepListener - stepStarted: net.thucydides.core.steps.ExecutedStepDescription@65d615c2
[Test worker] WARN net.thucydides.core.steps.BaseStepListener - stepFinished: current outcome:Enter the registry by clicking on Join Today:Example: {strFirstName=Rodrigo, strLastName=Acosta, strEmailAddress=rodrigo@test.com, strMonthBirth=January, strDayBirth=20, strYearBirth=1994, strInputLanguage=Spanish, strInputCity=Armenia, strInputZIP=630001, strInputCountry=Colombia, strPassword=Prueba123*, strConfirmPassword=Prueba123*} [Given than Rodrigo wants to register in uTest [Rodrigo open up [Rodrigo opens the U test page], Rodrigo login [Rodrigo clicks on button that shows us the form to register a new user ]], When He clicks on the Join Today button
| strFirstName | strLastName | strEmailAddress | strMonthBirth | strDayBirth | strYearBirth | strInputLanguage | strInputCity | strInputZIP | strInputCountry | strPassword | strConfirmPassword |
| Rodrigo | Acosta | rodrigo@test.com | January | 20 | 1994 | Spanish | Armenia | 630001 | Colombia | Prueba123* | Prueba123* | [Rodrigo register user [Rodrigo enters 'Rodrigo' into where the user will enter their name, Rodrigo enters 'Acosta' into where the user will enter their last name, Rodrigo enters 'rodrigo@test.com' into where the user will enter their email address, Rodrigo select January on where the user selects their month of birth, Rodrigo select 20 on where the user selects their day of birth, Rodrigo select 1994 on where the user selects their year of birth, Rodrigo clicks on where the user enters the languages he speaks, Rodrigo clicks on Where the user will advance to the next form, Rodrigo enters 'Armenia' into Where the user enters the city, Rodrigo types 'ARROW_DOWN' in Where the user enters the city, Rodrigo types 'ENTER' in Where the user enters the city, Rodrigo enters '630001' into Where the user enters the postal code, Rodrigo clicks on Where the user advances to the next form , Rodrigo clicks on Where the user selects the computer's OS, Rodrigo clicks on Where the user selects OS version, Rodrigo clicks on Where the user selects OS language, Rodrigo clicks on Where the user selects mobile device , Rodrigo clicks on Where the user selects the mobile device model ]]]
[Test worker] WARN net.thucydides.core.steps.BaseStepListener - stepStarted: net.thucydides.core.steps.ExecutedStepDescription@392a11d
[Test worker] WARN net.thucydides.core.steps.BaseStepListener - stepFinished: current outcome:Enter the registry by clicking on Join Today:Example: {strFirstName=Rodrigo, strLastName=Acosta, strEmailAddress=rodrigo@test.com, strMonthBirth=January, strDayBirth=20, strYearBirth=1994, strInputLanguage=Spanish, strInputCity=Armenia, strInputZIP=630001, strInputCountry=Colombia, strPassword=Prueba123*, strConfirmPassword=Prueba123*} [Given than Rodrigo wants to register in uTest [Rodrigo open up [Rodrigo opens the U test page], Rodrigo login [Rodrigo clicks on button that shows us the form to register a new user ]], When He clicks on the Join Today button
| strFirstName | strLastName | strEmailAddress | strMonthBirth | strDayBirth | strYearBirth | strInputLanguage | strInputCity | strInputZIP | strInputCountry | strPassword | strConfirmPassword |
| Rodrigo | Acosta | rodrigo@test.com | January | 20 | 1994 | Spanish | Armenia | 630001 | Colombia | Prueba123* | Prueba123* | [Rodrigo register user [Rodrigo enters 'Rodrigo' into where the user will enter their name, Rodrigo enters 'Acosta' into where the user will enter their last name, Rodrigo enters 'rodrigo@test.com' into where the user will enter their email address, Rodrigo select January on where the user selects their month of birth, Rodrigo select 20 on where the user selects their day of birth, Rodrigo select 1994 on where the user selects their year of birth, Rodrigo clicks on where the user enters the languages he speaks, Rodrigo clicks on Where the user will advance to the next form, Rodrigo enters 'Armenia' into Where the user enters the city, Rodrigo types 'ARROW_DOWN' in Where the user enters the city, Rodrigo types 'ENTER' in Where the user enters the city, Rodrigo enters '630001' into Where the user enters the postal code, Rodrigo clicks on Where the user advances to the next form , Rodrigo clicks on Where the user selects the computer's OS, Rodrigo clicks on Where the user selects OS version, Rodrigo clicks on Where the user selects OS language, Rodrigo clicks on Where the user selects mobile device , Rodrigo clicks on Where the user selects the mobile device model , Rodrigo clicks on Where the user selects OS of the mobile device ]]]
[Test worker] WARN net.thucydides.core.steps.BaseStepListener - stepStarted: net.thucydides.core.steps.ExecutedStepDescription@73dfa85b
[Test worker] WARN net.thucydides.core.steps.BaseStepListener - stepFinished: current outcome:Enter the registry by clicking on Join Today:Example: {strFirstName=Rodrigo, strLastName=Acosta, strEmailAddress=rodrigo@test.com, strMonthBirth=January, strDayBirth=20, strYearBirth=1994, strInputLanguage=Spanish, strInputCity=Armenia, strInputZIP=630001, strInputCountry=Colombia, strPassword=Prueba123*, strConfirmPassword=Prueba123*} [Given than Rodrigo wants to register in uTest [Rodrigo open up [Rodrigo opens the U test page], Rodrigo login [Rodrigo clicks on button that shows us the form to register a new user ]], When He clicks on the Join Today button
| strFirstName | strLastName | strEmailAddress | strMonthBirth | strDayBirth | strYearBirth | strInputLanguage | strInputCity | strInputZIP | strInputCountry | strPassword | strConfirmPassword |
| Rodrigo | Acosta | rodrigo@test.com | January | 20 | 1994 | Spanish | Armenia | 630001 | Colombia | Prueba123* | Prueba123* | [Rodrigo register user [Rodrigo enters 'Rodrigo' into where the user will enter their name, Rodrigo enters 'Acosta' into where the user will enter their last name, Rodrigo enters 'rodrigo@test.com' into where the user will enter their email address, Rodrigo select January on where the user selects their month of birth, Rodrigo select 20 on where the user selects their day of birth, Rodrigo select 1994 on where the user selects their year of birth, Rodrigo clicks on where the user enters the languages he speaks, Rodrigo clicks on Where the user will advance to the next form, Rodrigo enters 'Armenia' into Where the user enters the city, Rodrigo types 'ARROW_DOWN' in Where the user enters the city, Rodrigo types 'ENTER' in Where the user enters the city, Rodrigo enters '630001' into Where the user enters the postal code, Rodrigo clicks on Where the user advances to the next form , Rodrigo clicks on Where the user selects the computer's OS, Rodrigo clicks on Where the user selects OS version, Rodrigo clicks on Where the user selects OS language, Rodrigo clicks on Where the user selects mobile device , Rodrigo clicks on Where the user selects the mobile device model , Rodrigo clicks on Where the user selects OS of the mobile device , Rodrigo clicks on Where the user advances to the next form ]]]
[Test worker] WARN net.thucydides.core.steps.BaseStepListener - stepStarted: net.thucydides.core.steps.ExecutedStepDescription@45069182
[Test worker] WARN net.thucydides.core.steps.BaseStepListener - stepFinished: current outcome:Enter the registry by clicking on Join Today:Example: {strFirstName=Rodrigo, strLastName=Acosta, strEmailAddress=rodrigo@test.com, strMonthBirth=January, strDayBirth=20, strYearBirth=1994, strInputLanguage=Spanish, strInputCity=Armenia, strInputZIP=630001, strInputCountry=Colombia, strPassword=Prueba123*, strConfirmPassword=Prueba123*} [Given than Rodrigo wants to register in uTest [Rodrigo open up [Rodrigo opens the U test page], Rodrigo login [Rodrigo clicks on button that shows us the form to register a new user ]], When He clicks on the Join Today button
| strFirstName | strLastName | strEmailAddress | strMonthBirth | strDayBirth | strYearBirth | strInputLanguage | strInputCity | strInputZIP | strInputCountry | strPassword | strConfirmPassword |
| Rodrigo | Acosta | rodrigo@test.com | January | 20 | 1994 | Spanish | Armenia | 630001 | Colombia | Prueba123* | Prueba123* | [Rodrigo register user [Rodrigo enters 'Rodrigo' into where the user will enter their name, Rodrigo enters 'Acosta' into where the user will enter their last name, Rodrigo enters 'rodrigo@test.com' into where the user will enter their email address, Rodrigo select January on where the user selects their month of birth, Rodrigo select 20 on where the user selects their day of birth, Rodrigo select 1994 on where the user selects their year of birth, Rodrigo clicks on where the user enters the languages he speaks, Rodrigo clicks on Where the user will advance to the next form, Rodrigo enters 'Armenia' into Where the user enters the city, Rodrigo types 'ARROW_DOWN' in Where the user enters the city, Rodrigo types 'ENTER' in Where the user enters the city, Rodrigo enters '630001' into Where the user enters the postal code, Rodrigo clicks on Where the user advances to the next form , Rodrigo clicks on Where the user selects the computer's OS, Rodrigo clicks on Where the user selects OS version, Rodrigo clicks on Where the user selects OS language, Rodrigo clicks on Where the user selects mobile device , Rodrigo clicks on Where the user selects the mobile device model , Rodrigo clicks on Where the user selects OS of the mobile device , Rodrigo clicks on Where the user advances to the next form , Rodrigo enters 'Prueba123*' into where the user enters a new password]]]
[Test worker] WARN net.thucydides.core.steps.BaseStepListener - stepStarted: net.thucydides.core.steps.ExecutedStepDescription@62c8dab6
[Test worker] WARN net.thucydides.core.steps.BaseStepListener - stepFinished: current outcome:Enter the registry by clicking on Join Today:Example: {strFirstName=Rodrigo, strLastName=Acosta, strEmailAddress=rodrigo@test.com, strMonthBirth=January, strDayBirth=20, strYearBirth=1994, strInputLanguage=Spanish, strInputCity=Armenia, strInputZIP=630001, strInputCountry=Colombia, strPassword=Prueba123*, strConfirmPassword=Prueba123*} [Given than Rodrigo wants to register in uTest [Rodrigo open up [Rodrigo opens the U test page], Rodrigo login [Rodrigo clicks on button that shows us the form to register a new user ]], When He clicks on the Join Today button
| strFirstName | strLastName | strEmailAddress | strMonthBirth | strDayBirth | strYearBirth | strInputLanguage | strInputCity | strInputZIP | strInputCountry | strPassword | strConfirmPassword |
| Rodrigo | Acosta | rodrigo@test.com | January | 20 | 1994 | Spanish | Armenia | 630001 | Colombia | Prueba123* | Prueba123* | [Rodrigo register user [Rodrigo enters 'Rodrigo' into where the user will enter their name, Rodrigo enters 'Acosta' into where the user will enter their last name, Rodrigo enters 'rodrigo@test.com' into where the user will enter their email address, Rodrigo select January on where the user selects their month of birth, Rodrigo select 20 on where the user selects their day of birth, Rodrigo select 1994 on where the user selects their year of birth, Rodrigo clicks on where the user enters the languages he speaks, Rodrigo clicks on Where the user will advance to the next form, Rodrigo enters 'Armenia' into Where the user enters the city, Rodrigo types 'ARROW_DOWN' in Where the user enters the city, Rodrigo types 'ENTER' in Where the user enters the city, Rodrigo enters '630001' into Where the user enters the postal code, Rodrigo clicks on Where the user advances to the next form , Rodrigo clicks on Where the user selects the computer's OS, Rodrigo clicks on Where the user selects OS version, Rodrigo clicks on Where the user selects OS language, Rodrigo clicks on Where the user selects mobile device , Rodrigo clicks on Where the user selects the mobile device model , Rodrigo clicks on Where the user selects OS of the mobile device , Rodrigo clicks on Where the user advances to the next form , Rodrigo enters 'Prueba123*' into where the user enters a new password, Rodrigo enters 'Prueba123*' into where the user confirms the new password]]]
[Test worker] WARN net.thucydides.core.steps.BaseStepListener - stepStarted: net.thucydides.core.steps.ExecutedStepDescription@772990ad
[Test worker] WARN net.thucydides.core.steps.BaseStepListener - stepFinished: current outcome:Enter the registry by clicking on Join Today:Example: {strFirstName=Rodrigo, strLastName=Acosta, strEmailAddress=rodrigo@test.com, strMonthBirth=January, strDayBirth=20, strYearBirth=1994, strInputLanguage=Spanish, strInputCity=Armenia, strInputZIP=630001, strInputCountry=Colombia, strPassword=Prueba123*, strConfirmPassword=Prueba123*} [Given than Rodrigo wants to register in uTest [Rodrigo open up [Rodrigo opens the U test page], Rodrigo login [Rodrigo clicks on button that shows us the form to register a new user ]], When He clicks on the Join Today button
| strFirstName | strLastName | strEmailAddress | strMonthBirth | strDayBirth | strYearBirth | strInputLanguage | strInputCity | strInputZIP | strInputCountry | strPassword | strConfirmPassword |
| Rodrigo | Acosta | rodrigo@test.com | January | 20 | 1994 | Spanish | Armenia | 630001 | Colombia | Prueba123* | Prueba123* | [Rodrigo register user [Rodrigo enters 'Rodrigo' into where the user will enter their name, Rodrigo enters 'Acosta' into where the user will enter their last name, Rodrigo enters 'rodrigo@test.com' into where the user will enter their email address, Rodrigo select January on where the user selects their month of birth, Rodrigo select 20 on where the user selects their day of birth, Rodrigo select 1994 on where the user selects their year of birth, Rodrigo clicks on where the user enters the languages he speaks, Rodrigo clicks on Where the user will advance to the next form, Rodrigo enters 'Armenia' into Where the user enters the city, Rodrigo types 'ARROW_DOWN' in Where the user enters the city, Rodrigo types 'ENTER' in Where the user enters the city, Rodrigo enters '630001' into Where the user enters the postal code, Rodrigo clicks on Where the user advances to the next form , Rodrigo clicks on Where the user selects the computer's OS, Rodrigo clicks on Where the user selects OS version, Rodrigo clicks on Where the user selects OS language, Rodrigo clicks on Where the user selects mobile device , Rodrigo clicks on Where the user selects the mobile device model , Rodrigo clicks on Where the user selects OS of the mobile device , Rodrigo clicks on Where the user advances to the next form , Rodrigo enters 'Prueba123*' into where the user enters a new password, Rodrigo enters 'Prueba123*' into where the user confirms the new password, Rodrigo clicks on where the user confirms if they want to receive information]]]
[Test worker] WARN net.thucydides.core.steps.BaseStepListener - stepStarted: net.thucydides.core.steps.ExecutedStepDescription@3e42da47
[Test worker] WARN net.thucydides.core.steps.BaseStepListener - stepFinished: current outcome:Enter the registry by clicking on Join Today:Example: {strFirstName=Rodrigo, strLastName=Acosta, strEmailAddress=rodrigo@test.com, strMonthBirth=January, strDayBirth=20, strYearBirth=1994, strInputLanguage=Spanish, strInputCity=Armenia, strInputZIP=630001, strInputCountry=Colombia, strPassword=Prueba123*, strConfirmPassword=Prueba123*} [Given than Rodrigo wants to register in uTest [Rodrigo open up [Rodrigo opens the U test page], Rodrigo login [Rodrigo clicks on button that shows us the form to register a new user ]], When He clicks on the Join Today button
| strFirstName | strLastName | strEmailAddress | strMonthBirth | strDayBirth | strYearBirth | strInputLanguage | strInputCity | strInputZIP | strInputCountry | strPassword | strConfirmPassword |
| Rodrigo | Acosta | rodrigo@test.com | January | 20 | 1994 | Spanish | Armenia | 630001 | Colombia | Prueba123* | Prueba123* | [Rodrigo register user [Rodrigo enters 'Rodrigo' into where the user will enter their name, Rodrigo enters 'Acosta' into where the user will enter their last name, Rodrigo enters 'rodrigo@test.com' into where the user will enter their email address, Rodrigo select January on where the user selects their month of birth, Rodrigo select 20 on where the user selects their day of birth, Rodrigo select 1994 on where the user selects their year of birth, Rodrigo clicks on where the user enters the languages he speaks, Rodrigo clicks on Where the user will advance to the next form, Rodrigo enters 'Armenia' into Where the user enters the city, Rodrigo types 'ARROW_DOWN' in Where the user enters the city, Rodrigo types 'ENTER' in Where the user enters the city, Rodrigo enters '630001' into Where the user enters the postal code, Rodrigo clicks on Where the user advances to the next form , Rodrigo clicks on Where the user selects the computer's OS, Rodrigo clicks on Where the user selects OS version, Rodrigo clicks on Where the user selects OS language, Rodrigo clicks on Where the user selects mobile device , Rodrigo clicks on Where the user selects the mobile device model , Rodrigo clicks on Where the user selects OS of the mobile device , Rodrigo clicks on Where the user advances to the next form , Rodrigo enters 'Prueba123*' into where the user enters a new password, Rodrigo enters 'Prueba123*' into where the user confirms the new password, Rodrigo clicks on where the user confirms if they want to receive information, Rodrigo clicks on where the user confirms the terms]]]
[Test worker] WARN net.thucydides.core.steps.BaseStepListener - stepStarted: net.thucydides.core.steps.ExecutedStepDescription@7a5d63ed
[Test worker] WARN net.thucydides.core.steps.BaseStepListener - stepFinished: current outcome:Enter the registry by clicking on Join Today:Example: {strFirstName=Rodrigo, strLastName=Acosta, strEmailAddress=rodrigo@test.com, strMonthBirth=January, strDayBirth=20, strYearBirth=1994, strInputLanguage=Spanish, strInputCity=Armenia, strInputZIP=630001, strInputCountry=Colombia, strPassword=Prueba123*, strConfirmPassword=Prueba123*} [Given than Rodrigo wants to register in uTest [Rodrigo open up [Rodrigo opens the U test page], Rodrigo login [Rodrigo clicks on button that shows us the form to register a new user ]], When He clicks on the Join Today button
| strFirstName | strLastName | strEmailAddress | strMonthBirth | strDayBirth | strYearBirth | strInputLanguage | strInputCity | strInputZIP | strInputCountry | strPassword | strConfirmPassword |
| Rodrigo | Acosta | rodrigo@test.com | January | 20 | 1994 | Spanish | Armenia | 630001 | Colombia | Prueba123* | Prueba123* | [Rodrigo register user [Rodrigo enters 'Rodrigo' into where the user will enter their name, Rodrigo enters 'Acosta' into where the user will enter their last name, Rodrigo enters 'rodrigo@test.com' into where the user will enter their email address, Rodrigo select January on where the user selects their month of birth, Rodrigo select 20 on where the user selects their day of birth, Rodrigo select 1994 on where the user selects their year of birth, Rodrigo clicks on where the user enters the languages he speaks, Rodrigo clicks on Where the user will advance to the next form, Rodrigo enters 'Armenia' into Where the user enters the city, Rodrigo types 'ARROW_DOWN' in Where the user enters the city, Rodrigo types 'ENTER' in Where the user enters the city, Rodrigo enters '630001' into Where the user enters the postal code, Rodrigo clicks on Where the user advances to the next form , Rodrigo clicks on Where the user selects the computer's OS, Rodrigo clicks on Where the user selects OS version, Rodrigo clicks on Where the user selects OS language, Rodrigo clicks on Where the user selects mobile device , Rodrigo clicks on Where the user selects the mobile device model , Rodrigo clicks on Where the user selects OS of the mobile device , Rodrigo clicks on Where the user advances to the next form , Rodrigo enters 'Prueba123*' into where the user enters a new password, Rodrigo enters 'Prueba123*' into where the user confirms the new password, Rodrigo clicks on where the user confirms if they want to receive information, Rodrigo clicks on where the user confirms the terms, Rodrigo clicks on where the user confirms privacy and policies ]]]
[Test worker] WARN net.thucydides.core.steps.BaseStepListener - stepStarted: net.thucydides.core.steps.ExecutedStepDescription@3b9f273d
[Test worker] WARN net.thucydides.core.steps.BaseStepListener - stepFinished: current outcome:Enter the registry by clicking on Join Today:Example: {strFirstName=Rodrigo, strLastName=Acosta, strEmailAddress=rodrigo@test.com, strMonthBirth=January, strDayBirth=20, strYearBirth=1994, strInputLanguage=Spanish, strInputCity=Armenia, strInputZIP=630001, strInputCountry=Colombia, strPassword=Prueba123*, strConfirmPassword=Prueba123*} [Given than Rodrigo wants to register in uTest [Rodrigo open up [Rodrigo opens the U test page], Rodrigo login [Rodrigo clicks on button that shows us the form to register a new user ]], When He clicks on the Join Today button
| strFirstName | strLastName | strEmailAddress | strMonthBirth | strDayBirth | strYearBirth | strInputLanguage | strInputCity | strInputZIP | strInputCountry | strPassword | strConfirmPassword |
| Rodrigo | Acosta | rodrigo@test.com | January | 20 | 1994 | Spanish | Armenia | 630001 | Colombia | Prueba123* | Prueba123* | [Rodrigo register user [Rodrigo enters 'Rodrigo' into where the user will enter their name, Rodrigo enters 'Acosta' into where the user will enter their last name, Rodrigo enters 'rodrigo@test.com' into where the user will enter their email address, Rodrigo select January on where the user selects their month of birth, Rodrigo select 20 on where the user selects their day of birth, Rodrigo select 1994 on where the user selects their year of birth, Rodrigo clicks on where the user enters the languages he speaks, Rodrigo clicks on Where the user will advance to the next form, Rodrigo enters 'Armenia' into Where the user enters the city, Rodrigo types 'ARROW_DOWN' in Where the user enters the city, Rodrigo types 'ENTER' in Where the user enters the city, Rodrigo enters '630001' into Where the user enters the postal code, Rodrigo clicks on Where the user advances to the next form , Rodrigo clicks on Where the user selects the computer's OS, Rodrigo clicks on Where the user selects OS version, Rodrigo clicks on Where the user selects OS language, Rodrigo clicks on Where the user selects mobile device , Rodrigo clicks on Where the user selects the mobile device model , Rodrigo clicks on Where the user selects OS of the mobile device , Rodrigo clicks on Where the user advances to the next form , Rodrigo enters 'Prueba123*' into where the user enters a new password, Rodrigo enters 'Prueba123*' into where the user confirms the new password, Rodrigo clicks on where the user confirms if they want to receive information, Rodrigo clicks on where the user confirms the terms, Rodrigo clicks on where the user confirms privacy and policies , Rodrigo clicks on where the user ends the process and registers ]]]
[Test worker] WARN net.thucydides.core.steps.BaseStepListener - stepFinished: current outcome:Enter the registry by clicking on Join Today:Example: {strFirstName=Rodrigo, strLastName=Acosta, strEmailAddress=rodrigo@test.com, strMonthBirth=January, strDayBirth=20, strYearBirth=1994, strInputLanguage=Spanish, strInputCity=Armenia, strInputZIP=630001, strInputCountry=Colombia, strPassword=Prueba123*, strConfirmPassword=Prueba123*} [Given than Rodrigo wants to register in uTest [Rodrigo open up [Rodrigo opens the U test page], Rodrigo login [Rodrigo clicks on button that shows us the form to register a new user ]], When He clicks on the Join Today button
| strFirstName | strLastName | strEmailAddress | strMonthBirth | strDayBirth | strYearBirth | strInputLanguage | strInputCity | strInputZIP | strInputCountry | strPassword | strConfirmPassword |
| Rodrigo | Acosta | rodrigo@test.com | January | 20 | 1994 | Spanish | Armenia | 630001 | Colombia | Prueba123* | Prueba123* | [Rodrigo register user [Rodrigo enters 'Rodrigo' into where the user will enter their name, Rodrigo enters 'Acosta' into where the user will enter their last name, Rodrigo enters 'rodrigo@test.com' into where the user will enter their email address, Rodrigo select January on where the user selects their month of birth, Rodrigo select 20 on where the user selects their day of birth, Rodrigo select 1994 on where the user selects their year of birth, Rodrigo clicks on where the user enters the languages he speaks, Rodrigo clicks on Where the user will advance to the next form, Rodrigo enters 'Armenia' into Where the user enters the city, Rodrigo types 'ARROW_DOWN' in Where the user enters the city, Rodrigo types 'ENTER' in Where the user enters the city, Rodrigo enters '630001' into Where the user enters the postal code, Rodrigo clicks on Where the user advances to the next form , Rodrigo clicks on Where the user selects the computer's OS, Rodrigo clicks on Where the user selects OS version, Rodrigo clicks on Where the user selects OS language, Rodrigo clicks on Where the user selects mobile device , Rodrigo clicks on Where the user selects the mobile device model , Rodrigo clicks on Where the user selects OS of the mobile device , Rodrigo clicks on Where the user advances to the next form , Rodrigo enters 'Prueba123*' into where the user enters a new password, Rodrigo enters 'Prueba123*' into where the user confirms the new password, Rodrigo clicks on where the user confirms if they want to receive information, Rodrigo clicks on where the user confirms the terms, Rodrigo clicks on where the user confirms privacy and policies , Rodrigo clicks on where the user ends the process and registers ]]]
[Test worker] WARN net.thucydides.core.steps.BaseStepListener - stepFinished: current outcome:Enter the registry by clicking on Join Today:Example: {strFirstName=Rodrigo, strLastName=Acosta, strEmailAddress=rodrigo@test.com, strMonthBirth=January, strDayBirth=20, strYearBirth=1994, strInputLanguage=Spanish, strInputCity=Armenia, strInputZIP=630001, strInputCountry=Colombia, strPassword=Prueba123*, strConfirmPassword=Prueba123*} [Given than Rodrigo wants to register in uTest [Rodrigo open up [Rodrigo opens the U test page], Rodrigo login [Rodrigo clicks on button that shows us the form to register a new user ]], When He clicks on the Join Today button
| strFirstName | strLastName | strEmailAddress | strMonthBirth | strDayBirth | strYearBirth | strInputLanguage | strInputCity | strInputZIP | strInputCountry | strPassword | strConfirmPassword |
| Rodrigo | Acosta | rodrigo@test.com | January | 20 | 1994 | Spanish | Armenia | 630001 | Colombia | Prueba123* | Prueba123* | [Rodrigo register user [Rodrigo enters 'Rodrigo' into where the user will enter their name, Rodrigo enters 'Acosta' into where the user will enter their last name, Rodrigo enters 'rodrigo@test.com' into where the user will enter their email address, Rodrigo select January on where the user selects their month of birth, Rodrigo select 20 on where the user selects their day of birth, Rodrigo select 1994 on where the user selects their year of birth, Rodrigo clicks on where the user enters the languages he speaks, Rodrigo clicks on Where the user will advance to the next form, Rodrigo enters 'Armenia' into Where the user enters the city, Rodrigo types 'ARROW_DOWN' in Where the user enters the city, Rodrigo types 'ENTER' in Where the user enters the city, Rodrigo enters '630001' into Where the user enters the postal code, Rodrigo clicks on Where the user advances to the next form , Rodrigo clicks on Where the user selects the computer's OS, Rodrigo clicks on Where the user selects OS version, Rodrigo clicks on Where the user selects OS language, Rodrigo clicks on Where the user selects mobile device , Rodrigo clicks on Where the user selects the mobile device model , Rodrigo clicks on Where the user selects OS of the mobile device , Rodrigo clicks on Where the user advances to the next form , Rodrigo enters 'Prueba123*' into where the user enters a new password, Rodrigo enters 'Prueba123*' into where the user confirms the new password, Rodrigo clicks on where the user confirms if they want to receive information, Rodrigo clicks on where the user confirms the terms, Rodrigo clicks on where the user confirms privacy and policies , Rodrigo clicks on where the user ends the process and registers ]]]
[Test worker] WARN net.thucydides.core.steps.BaseStepListener - stepStarted: net.thucydides.core.steps.ExecutedStepDescription@57a65f7
[Test worker] WARN net.thucydides.core.steps.BaseStepListener - testFinished: Enter the registry by clicking on Join Today:Example: {strFirstName=Rodrigo, strLastName=Acosta, strEmailAddress=rodrigo@test.com, strMonthBirth=January, strDayBirth=20, strYearBirth=1994, strInputLanguage=Spanish, strInputCity=Armenia, strInputZIP=630001, strInputCountry=Colombia, strPassword=Prueba123*, strConfirmPassword=Prueba123*} [Given than Rodrigo wants to register in uTest [Rodrigo open up [Rodrigo opens the U test page], Rodrigo login [Rodrigo clicks on button that shows us the form to register a new user ]], When He clicks on the Join Today button
| strFirstName | strLastName | strEmailAddress | strMonthBirth | strDayBirth | strYearBirth | strInputLanguage | strInputCity | strInputZIP | strInputCountry | strPassword | strConfirmPassword |
| Rodrigo | Acosta | rodrigo@test.com | January | 20 | 1994 | Spanish | Armenia | 630001 | Colombia | Prueba123* | Prueba123* | [Rodrigo register user [Rodrigo enters 'Rodrigo' into where the user will enter their name, Rodrigo enters 'Acosta' into where the user will enter their last name, Rodrigo enters 'rodrigo@test.com' into where the user will enter their email address, Rodrigo select January on where the user selects their month of birth, Rodrigo select 20 on where the user selects their day of birth, Rodrigo select 1994 on where the user selects their year of birth, Rodrigo clicks on where the user enters the languages he speaks, Rodrigo clicks on Where the user will advance to the next form, Rodrigo enters 'Armenia' into Where the user enters the city, Rodrigo types 'ARROW_DOWN' in Where the user enters the city, Rodrigo types 'ENTER' in Where the user enters the city, Rodrigo enters '630001' into Where the user enters the postal code, Rodrigo clicks on Where the user advances to the next form , Rodrigo clicks on Where the user selects the computer's OS, Rodrigo clicks on Where the user selects OS version, Rodrigo clicks on Where the user selects OS language, Rodrigo clicks on Where the user selects mobile device , Rodrigo clicks on Where the user selects the mobile device model , Rodrigo clicks on Where the user selects OS of the mobile device , Rodrigo clicks on Where the user advances to the next form , Rodrigo enters 'Prueba123*' into where the user enters a new password, Rodrigo enters 'Prueba123*' into where the user confirms the new password, Rodrigo clicks on where the user confirms if they want to receive information, Rodrigo clicks on where the user confirms the terms, Rodrigo clicks on where the user confirms privacy and policies , Rodrigo clicks on where the user ends the process and registers ]], Then he opens the registration form]
[Test worker] WARN net.thucydides.core.steps.BaseStepListener - TestOutcomes: [Enter the registry by clicking on Join Today:Example: {strFirstName=Rodrigo, strLastName=Acosta, strEmailAddress=rodrigo@test.com, strMonthBirth=January, strDayBirth=20, strYearBirth=1994, strInputLanguage=Spanish, strInputCity=Armenia, strInputZIP=630001, strInputCountry=Colombia, strPassword=Prueba123*, strConfirmPassword=Prueba123*} [Given than Rodrigo wants to register in uTest [Rodrigo open up [Rodrigo opens the U test page], Rodrigo login [Rodrigo clicks on button that shows us the form to register a new user ]], When He clicks on the Join Today button
| strFirstName | strLastName | strEmailAddress | strMonthBirth | strDayBirth | strYearBirth | strInputLanguage | strInputCity | strInputZIP | strInputCountry | strPassword | strConfirmPassword |
| Rodrigo | Acosta | rodrigo@test.com | January | 20 | 1994 | Spanish | Armenia | 630001 | Colombia | Prueba123* | Prueba123* | [Rodrigo register user [Rodrigo enters 'Rodrigo' into where the user will enter their name, Rodrigo enters 'Acosta' into where the user will enter their last name, Rodrigo enters 'rodrigo@test.com' into where the user will enter their email address, Rodrigo select January on where the user selects their month of birth, Rodrigo select 20 on where the user selects their day of birth, Rodrigo select 1994 on where the user selects their year of birth, Rodrigo clicks on where the user enters the languages he speaks, Rodrigo clicks on Where the user will advance to the next form, Rodrigo enters 'Armenia' into Where the user enters the city, Rodrigo types 'ARROW_DOWN' in Where the user enters the city, Rodrigo types 'ENTER' in Where the user enters the city, Rodrigo enters '630001' into Where the user enters the postal code, Rodrigo clicks on Where the user advances to the next form , Rodrigo clicks on Where the user selects the computer's OS, Rodrigo clicks on Where the user selects OS version, Rodrigo clicks on Where the user selects OS language, Rodrigo clicks on Where the user selects mobile device , Rodrigo clicks on Where the user selects the mobile device model , Rodrigo clicks on Where the user selects OS of the mobile device , Rodrigo clicks on Where the user advances to the next form , Rodrigo enters 'Prueba123*' into where the user enters a new password, Rodrigo enters 'Prueba123*' into where the user confirms the new password, Rodrigo clicks on where the user confirms if they want to receive information, Rodrigo clicks on where the user confirms the terms, Rodrigo clicks on where the user confirms privacy and policies , Rodrigo clicks on where the user ends the process and registers ]], Then he opens the registration form]]
[Test worker] WARN net.thucydides.core.steps.BaseStepListener - Final testOutcomes: [Enter the registry by clicking on Join Today:Example: {strFirstName=Rodrigo, strLastName=Acosta, strEmailAddress=rodrigo@test.com, strMonthBirth=January, strDayBirth=20, strYearBirth=1994, strInputLanguage=Spanish, strInputCity=Armenia, strInputZIP=630001, strInputCountry=Colombia, strPassword=Prueba123*, strConfirmPassword=Prueba123*} [Given than Rodrigo wants to register in uTest [Rodrigo open up [Rodrigo opens the U test page], Rodrigo login [Rodrigo clicks on button that shows us the form to register a new user ]], When He clicks on the Join Today button
| strFirstName | strLastName | strEmailAddress | strMonthBirth | strDayBirth | strYearBirth | strInputLanguage | strInputCity | strInputZIP | strInputCountry | strPassword | strConfirmPassword |
| Rodrigo | Acosta | rodrigo@test.com | January | 20 | 1994 | Spanish | Armenia | 630001 | Colombia | Prueba123* | Prueba123* | [Rodrigo register user [Rodrigo enters 'Rodrigo' into where the user will enter their name, Rodrigo enters 'Acosta' into where the user will enter their last name, Rodrigo enters 'rodrigo@test.com' into where the user will enter their email address, Rodrigo select January on where the user selects their month of birth, Rodrigo select 20 on where the user selects their day of birth, Rodrigo select 1994 on where the user selects their year of birth, Rodrigo clicks on where the user enters the languages he speaks, Rodrigo clicks on Where the user will advance to the next form, Rodrigo enters 'Armenia' into Where the user enters the city, Rodrigo types 'ARROW_DOWN' in Where the user enters the city, Rodrigo types 'ENTER' in Where the user enters the city, Rodrigo enters '630001' into Where the user enters the postal code, Rodrigo clicks on Where the user advances to the next form , Rodrigo clicks on Where the user selects the computer's OS, Rodrigo clicks on Where the user selects OS version, Rodrigo clicks on Where the user selects OS language, Rodrigo clicks on Where the user selects mobile device , Rodrigo clicks on Where the user selects the mobile device model , Rodrigo clicks on Where the user selects OS of the mobile device , Rodrigo clicks on Where the user advances to the next form , Rodrigo enters 'Prueba123*' into where the user enters a new password, Rodrigo enters 'Prueba123*' into where the user confirms the new password, Rodrigo clicks on where the user confirms if they want to receive information, Rodrigo clicks on where the user confirms the terms, Rodrigo clicks on where the user confirms privacy and policies , Rodrigo clicks on where the user ends the process and registers ]], Then he opens the registration form]]
[Test worker] ERROR net.thucydides.core.steps.ConsoleLoggingListener - 
           __  _____ _____ ____ _____   _____ _    ___ _     _____ ____  
  _       / / |_   _| ____/ ___|_   _| |  ___/ \  |_ _| |   | ____|  _ \ 
 (_)_____| |    | | |  _| \___ \ | |   | |_ / _ \  | || |   |  _| | | | |
  _|_____| |    | | | |___ ___) || |   |  _/ ___ \ | || |___| |___| |_| |
 (_)     | |    |_| |_____|____/ |_|   |_|/_/   \_\___|_____|_____|____/ 
          \_\                                                            

TEST FAILED WITH ERROR: Enter the registry by clicking on Join Today
---------------------------------------------------------------------
[Test worker] ERROR net.thucydides.core.steps.ConsoleLoggingListener - TEST FAILED AT STEP Then he opens the registration form
[Test worker] ERROR net.thucydides.core.steps.ConsoleLoggingListener - Arity mismatch: Step Definition 'co.com.choucair.certification.pruebatecnica.stepdefinitions.uTestStepDefinitions.heOpensTheRegistrationForm(UTestData>) in file:/C:/Users/roaco/Desktop/Proyectos/pruebaTecnicaChoucair/build/classes/java/test/' with pattern [^he opens the registration form$] is declared with 1 parameters. However, the gherkin step has 0 arguments []. 
]]></system-err>
</testsuite>
